{"C:\\Users\\User\\todolistteam\\team\\src\\duck.js": {"path":"C:\\Users\\User\\todolistteam\\team\\src\\duck.js","statementMap":{"0":{"start":{"line":6,"column":21},"end":{"line":6,"column":28}},"1":{"start":{"line":9,"column":23},"end":{"line":11,"column":1}},"2":{"start":{"line":14,"column":4},"end":{"line":26,"column":5}},"3":{"start":{"line":15,"column":8},"end":{"line":15,"column":21}},"4":{"start":{"line":17,"column":8},"end":{"line":25,"column":30}},"5":{"start":{"line":18,"column":12},"end":{"line":18,"column":37}},"6":{"start":{"line":19,"column":12},"end":{"line":19,"column":38}},"7":{"start":{"line":20,"column":15},"end":{"line":25,"column":30}},"8":{"start":{"line":21,"column":12},"end":{"line":21,"column":37}},"9":{"start":{"line":22,"column":15},"end":{"line":25,"column":30}},"10":{"start":{"line":23,"column":12},"end":{"line":23,"column":37}},"11":{"start":{"line":24,"column":12},"end":{"line":24,"column":38}},"12":{"start":{"line":25,"column":15},"end":{"line":25,"column":30}},"13":{"start":{"line":30,"column":4},"end":{"line":30,"column":41}}},"fnMap":{"0":{"name":"errorHandler","decl":{"start":{"line":13,"column":17},"end":{"line":13,"column":29}},"loc":{"start":{"line":13,"column":35},"end":{"line":27,"column":1}},"line":13},"1":{"name":"saga","decl":{"start":{"line":29,"column":17},"end":{"line":29,"column":21}},"loc":{"start":{"line":29,"column":24},"end":{"line":31,"column":1}},"line":29}},"branchMap":{"0":{"loc":{"start":{"line":17,"column":8},"end":{"line":25,"column":30}},"type":"if","locations":[{"start":{"line":17,"column":8},"end":{"line":25,"column":30}},{"start":{"line":17,"column":8},"end":{"line":25,"column":30}}],"line":17},"1":{"loc":{"start":{"line":20,"column":15},"end":{"line":25,"column":30}},"type":"if","locations":[{"start":{"line":20,"column":15},"end":{"line":25,"column":30}},{"start":{"line":20,"column":15},"end":{"line":25,"column":30}}],"line":20},"2":{"loc":{"start":{"line":22,"column":15},"end":{"line":25,"column":30}},"type":"if","locations":[{"start":{"line":22,"column":15},"end":{"line":25,"column":30}},{"start":{"line":22,"column":15},"end":{"line":25,"column":30}}],"line":22}},"s":{"0":7,"1":7,"2":0,"3":0,"4":0,"5":0,"6":0,"7":0,"8":0,"9":0,"10":0,"11":0,"12":0,"13":0},"f":{"0":0,"1":0},"b":{"0":[0,0],"1":[0,0],"2":[0,0]},"_coverageSchema":"43e27e138ebf9cfc5966b082cf9a028302ed4184","hash":"65f80a76bdbc9c366ea59a36ed6791bd03f61109"}
,"C:\\Users\\User\\todolistteam\\team\\src\\api\\auth.js": {"path":"C:\\Users\\User\\todolistteam\\team\\src\\api\\auth.js","statementMap":{"0":{"start":{"line":3,"column":28},"end":{"line":3,"column":80}},"1":{"start":{"line":3,"column":39},"end":{"line":3,"column":80}},"2":{"start":{"line":5,"column":29},"end":{"line":5,"column":80}},"3":{"start":{"line":5,"column":41},"end":{"line":5,"column":80}},"4":{"start":{"line":7,"column":28},"end":{"line":7,"column":65}},"5":{"start":{"line":7,"column":34},"end":{"line":7,"column":65}}},"fnMap":{"0":{"name":"(anonymous_0)","decl":{"start":{"line":3,"column":28},"end":{"line":3,"column":29}},"loc":{"start":{"line":3,"column":39},"end":{"line":3,"column":80}},"line":3},"1":{"name":"(anonymous_1)","decl":{"start":{"line":5,"column":29},"end":{"line":5,"column":30}},"loc":{"start":{"line":5,"column":41},"end":{"line":5,"column":80}},"line":5},"2":{"name":"(anonymous_2)","decl":{"start":{"line":7,"column":28},"end":{"line":7,"column":29}},"loc":{"start":{"line":7,"column":34},"end":{"line":7,"column":65}},"line":7}},"branchMap":{},"s":{"0":1,"1":0,"2":1,"3":0,"4":1,"5":0},"f":{"0":0,"1":0,"2":0},"b":{},"_coverageSchema":"43e27e138ebf9cfc5966b082cf9a028302ed4184","hash":"7c646f5f732d4653535ed238c45e2eb1cedfa503"}
,"C:\\Users\\User\\todolistteam\\team\\src\\api\\dashboard.js": {"path":"C:\\Users\\User\\todolistteam\\team\\src\\api\\dashboard.js","statementMap":{"0":{"start":{"line":3,"column":0},"end":{"line":3,"column":49}},"1":{"start":{"line":7,"column":25},"end":{"line":9,"column":1}},"2":{"start":{"line":8,"column":4},"end":{"line":8,"column":73}},"3":{"start":{"line":11,"column":30},"end":{"line":11,"column":70}},"4":{"start":{"line":11,"column":36},"end":{"line":11,"column":70}},"5":{"start":{"line":13,"column":26},"end":{"line":13,"column":68}},"6":{"start":{"line":13,"column":32},"end":{"line":13,"column":68}},"7":{"start":{"line":15,"column":28},"end":{"line":15,"column":86}},"8":{"start":{"line":15,"column":44},"end":{"line":15,"column":86}},"9":{"start":{"line":17,"column":26},"end":{"line":17,"column":85}},"10":{"start":{"line":17,"column":43},"end":{"line":17,"column":85}},"11":{"start":{"line":19,"column":35},"end":{"line":21,"column":1}},"12":{"start":{"line":20,"column":4},"end":{"line":20,"column":65}}},"fnMap":{"0":{"name":"(anonymous_0)","decl":{"start":{"line":7,"column":25},"end":{"line":7,"column":26}},"loc":{"start":{"line":8,"column":4},"end":{"line":8,"column":73}},"line":8},"1":{"name":"(anonymous_1)","decl":{"start":{"line":11,"column":30},"end":{"line":11,"column":31}},"loc":{"start":{"line":11,"column":36},"end":{"line":11,"column":70}},"line":11},"2":{"name":"(anonymous_2)","decl":{"start":{"line":13,"column":26},"end":{"line":13,"column":27}},"loc":{"start":{"line":13,"column":32},"end":{"line":13,"column":68}},"line":13},"3":{"name":"(anonymous_3)","decl":{"start":{"line":15,"column":28},"end":{"line":15,"column":29}},"loc":{"start":{"line":15,"column":44},"end":{"line":15,"column":86}},"line":15},"4":{"name":"(anonymous_4)","decl":{"start":{"line":17,"column":26},"end":{"line":17,"column":27}},"loc":{"start":{"line":17,"column":43},"end":{"line":17,"column":85}},"line":17},"5":{"name":"(anonymous_5)","decl":{"start":{"line":19,"column":35},"end":{"line":19,"column":36}},"loc":{"start":{"line":20,"column":4},"end":{"line":20,"column":65}},"line":20}},"branchMap":{},"s":{"0":2,"1":2,"2":0,"3":2,"4":0,"5":2,"6":0,"7":2,"8":0,"9":2,"10":0,"11":2,"12":0},"f":{"0":0,"1":0,"2":0,"3":0,"4":0,"5":0},"b":{},"_coverageSchema":"43e27e138ebf9cfc5966b082cf9a028302ed4184","hash":"e134b0a40d3349f17557cc814c970da64da6e89e"}
,"C:\\Users\\User\\todolistteam\\team\\src\\api\\list.js": {"path":"C:\\Users\\User\\todolistteam\\team\\src\\api\\list.js","statementMap":{"0":{"start":{"line":3,"column":19},"end":{"line":3,"column":58}},"1":{"start":{"line":3,"column":25},"end":{"line":3,"column":58}}},"fnMap":{"0":{"name":"(anonymous_0)","decl":{"start":{"line":3,"column":19},"end":{"line":3,"column":20}},"loc":{"start":{"line":3,"column":25},"end":{"line":3,"column":58}},"line":3}},"branchMap":{},"s":{"0":1,"1":0},"f":{"0":0},"b":{},"_coverageSchema":"43e27e138ebf9cfc5966b082cf9a028302ed4184","hash":"172c115c5b4c2cd5780568382a136be0dc7cbbd6"}
,"C:\\Users\\User\\todolistteam\\team\\src\\api\\task.js": {"path":"C:\\Users\\User\\todolistteam\\team\\src\\api\\task.js","statementMap":{"0":{"start":{"line":3,"column":23},"end":{"line":3,"column":106}},"1":{"start":{"line":3,"column":48},"end":{"line":3,"column":106}},"2":{"start":{"line":5,"column":26},"end":{"line":5,"column":72}},"3":{"start":{"line":5,"column":36},"end":{"line":5,"column":72}},"4":{"start":{"line":7,"column":26},"end":{"line":7,"column":89}},"5":{"start":{"line":7,"column":47},"end":{"line":7,"column":89}}},"fnMap":{"0":{"name":"(anonymous_0)","decl":{"start":{"line":3,"column":23},"end":{"line":3,"column":24}},"loc":{"start":{"line":3,"column":48},"end":{"line":3,"column":106}},"line":3},"1":{"name":"(anonymous_1)","decl":{"start":{"line":5,"column":26},"end":{"line":5,"column":27}},"loc":{"start":{"line":5,"column":36},"end":{"line":5,"column":72}},"line":5},"2":{"name":"(anonymous_2)","decl":{"start":{"line":7,"column":26},"end":{"line":7,"column":27}},"loc":{"start":{"line":7,"column":47},"end":{"line":7,"column":89}},"line":7}},"branchMap":{},"s":{"0":2,"1":0,"2":2,"3":0,"4":2,"5":0},"f":{"0":0,"1":0,"2":0},"b":{},"_coverageSchema":"43e27e138ebf9cfc5966b082cf9a028302ed4184","hash":"58519a29782671866a4ae1d3d8877bafebaa8119"}
,"C:\\Users\\User\\todolistteam\\team\\src\\api\\userController.js": {"path":"C:\\Users\\User\\todolistteam\\team\\src\\api\\userController.js","statementMap":{"0":{"start":{"line":3,"column":0},"end":{"line":3,"column":49}},"1":{"start":{"line":5,"column":30},"end":{"line":5,"column":62}},"2":{"start":{"line":5,"column":36},"end":{"line":5,"column":62}},"3":{"start":{"line":7,"column":29},"end":{"line":7,"column":75}},"4":{"start":{"line":7,"column":35},"end":{"line":7,"column":75}},"5":{"start":{"line":9,"column":36},"end":{"line":9,"column":99}},"6":{"start":{"line":9,"column":48},"end":{"line":9,"column":99}},"7":{"start":{"line":11,"column":28},"end":{"line":11,"column":67}},"8":{"start":{"line":11,"column":34},"end":{"line":11,"column":67}},"9":{"start":{"line":13,"column":26},"end":{"line":13,"column":94}},"10":{"start":{"line":13,"column":38},"end":{"line":13,"column":94}},"11":{"start":{"line":15,"column":27},"end":{"line":15,"column":82}},"12":{"start":{"line":15,"column":38},"end":{"line":15,"column":82}}},"fnMap":{"0":{"name":"(anonymous_0)","decl":{"start":{"line":5,"column":30},"end":{"line":5,"column":31}},"loc":{"start":{"line":5,"column":36},"end":{"line":5,"column":62}},"line":5},"1":{"name":"(anonymous_1)","decl":{"start":{"line":7,"column":29},"end":{"line":7,"column":30}},"loc":{"start":{"line":7,"column":35},"end":{"line":7,"column":75}},"line":7},"2":{"name":"(anonymous_2)","decl":{"start":{"line":9,"column":36},"end":{"line":9,"column":37}},"loc":{"start":{"line":9,"column":48},"end":{"line":9,"column":99}},"line":9},"3":{"name":"(anonymous_3)","decl":{"start":{"line":11,"column":28},"end":{"line":11,"column":29}},"loc":{"start":{"line":11,"column":34},"end":{"line":11,"column":67}},"line":11},"4":{"name":"(anonymous_4)","decl":{"start":{"line":13,"column":26},"end":{"line":13,"column":27}},"loc":{"start":{"line":13,"column":38},"end":{"line":13,"column":94}},"line":13},"5":{"name":"(anonymous_5)","decl":{"start":{"line":15,"column":27},"end":{"line":15,"column":28}},"loc":{"start":{"line":15,"column":38},"end":{"line":15,"column":82}},"line":15}},"branchMap":{},"s":{"0":4,"1":4,"2":0,"3":4,"4":0,"5":4,"6":0,"7":4,"8":0,"9":4,"10":0,"11":4,"12":0},"f":{"0":0,"1":0,"2":0,"3":0,"4":0,"5":0},"b":{},"_coverageSchema":"43e27e138ebf9cfc5966b082cf9a028302ed4184","hash":"6c00ea70daa529ec7e00fbf750d5903f3ef316a6"}
,"C:\\Users\\User\\todolistteam\\team\\src\\config\\history.js": {"path":"C:\\Users\\User\\todolistteam\\team\\src\\config\\history.js","statementMap":{"0":{"start":{"line":3,"column":16},"end":{"line":3,"column":38}}},"fnMap":{},"branchMap":{},"s":{"0":7},"f":{},"b":{},"_coverageSchema":"43e27e138ebf9cfc5966b082cf9a028302ed4184","hash":"3d3a431aa1d9ab1dadf7b2abe5749f5f6e584ab0"}
,"C:\\Users\\User\\todolistteam\\team\\src\\helpers\\saga.js": {"path":"C:\\Users\\User\\todolistteam\\team\\src\\helpers\\saga.js","statementMap":{"0":{"start":{"line":5,"column":4},"end":{"line":9,"column":7}},"1":{"start":{"line":6,"column":8},"end":{"line":8,"column":11}},"2":{"start":{"line":7,"column":12},"end":{"line":7,"column":33}},"3":{"start":{"line":13,"column":4},"end":{"line":17,"column":7}},"4":{"start":{"line":14,"column":8},"end":{"line":16,"column":11}},"5":{"start":{"line":15,"column":12},"end":{"line":15,"column":33}}},"fnMap":{"0":{"name":"safeTakeLatest","decl":{"start":{"line":4,"column":16},"end":{"line":4,"column":30}},"loc":{"start":{"line":4,"column":45},"end":{"line":10,"column":1}},"line":4},"1":{"name":"handler","decl":{"start":{"line":5,"column":40},"end":{"line":5,"column":47}},"loc":{"start":{"line":5,"column":57},"end":{"line":9,"column":5}},"line":5},"2":{"name":"handler2","decl":{"start":{"line":6,"column":38},"end":{"line":6,"column":46}},"loc":{"start":{"line":6,"column":49},"end":{"line":8,"column":9}},"line":6},"3":{"name":"safeTakeEvery","decl":{"start":{"line":12,"column":16},"end":{"line":12,"column":29}},"loc":{"start":{"line":12,"column":44},"end":{"line":18,"column":1}},"line":12},"4":{"name":"handler","decl":{"start":{"line":13,"column":39},"end":{"line":13,"column":46}},"loc":{"start":{"line":13,"column":56},"end":{"line":17,"column":5}},"line":13},"5":{"name":"handler2","decl":{"start":{"line":14,"column":38},"end":{"line":14,"column":46}},"loc":{"start":{"line":14,"column":49},"end":{"line":16,"column":9}},"line":14}},"branchMap":{},"s":{"0":0,"1":0,"2":0,"3":0,"4":0,"5":0},"f":{"0":0,"1":0,"2":0,"3":0,"4":0,"5":0},"b":{},"_coverageSchema":"43e27e138ebf9cfc5966b082cf9a028302ed4184","hash":"6ee68ea3d9238133694908ab698067ab369e1aef"}
,"C:\\Users\\User\\todolistteam\\team\\src\\scenes\\account\\authorization\\duck.js": {"path":"C:\\Users\\User\\todolistteam\\team\\src\\scenes\\account\\authorization\\duck.js","statementMap":{"0":{"start":{"line":11,"column":21},"end":{"line":11,"column":28}},"1":{"start":{"line":12,"column":29},"end":{"line":12,"column":44}},"2":{"start":{"line":13,"column":22},"end":{"line":13,"column":30}},"3":{"start":{"line":14,"column":29},"end":{"line":14,"column":44}},"4":{"start":{"line":15,"column":37},"end":{"line":15,"column":60}},"5":{"start":{"line":16,"column":34},"end":{"line":16,"column":54}},"6":{"start":{"line":18,"column":23},"end":{"line":24,"column":1}},"7":{"start":{"line":26,"column":21},"end":{"line":29,"column":1}},"8":{"start":{"line":31,"column":23},"end":{"line":38,"column":16}},"9":{"start":{"line":32,"column":41},"end":{"line":36,"column":5}},"10":{"start":{"line":37,"column":49},"end":{"line":37,"column":84}},"11":{"start":{"line":41,"column":4},"end":{"line":41,"column":68}},"12":{"start":{"line":45,"column":18},"end":{"line":45,"column":62}},"13":{"start":{"line":46,"column":4},"end":{"line":49,"column":8}},"14":{"start":{"line":50,"column":4},"end":{"line":50,"column":59}},"15":{"start":{"line":51,"column":4},"end":{"line":51,"column":30}},"16":{"start":{"line":55,"column":39},"end":{"line":55,"column":46}},"17":{"start":{"line":56,"column":4},"end":{"line":64,"column":5}},"18":{"start":{"line":59,"column":8},"end":{"line":59,"column":27}},"19":{"start":{"line":60,"column":42},"end":{"line":60,"column":66}},"20":{"start":{"line":61,"column":8},"end":{"line":61,"column":52}},"21":{"start":{"line":62,"column":8},"end":{"line":62,"column":42}},"22":{"start":{"line":63,"column":8},"end":{"line":63,"column":60}},"23":{"start":{"line":68,"column":22},"end":{"line":68,"column":55}},"24":{"start":{"line":68,"column":44},"end":{"line":68,"column":54}},"25":{"start":{"line":69,"column":4},"end":{"line":69,"column":42}},"26":{"start":{"line":70,"column":4},"end":{"line":70,"column":36}},"27":{"start":{"line":74,"column":4},"end":{"line":82,"column":6}},"28":{"start":{"line":86,"column":4},"end":{"line":86,"column":46}},"29":{"start":{"line":87,"column":4},"end":{"line":87,"column":62}},"30":{"start":{"line":88,"column":4},"end":{"line":88,"column":40}},"31":{"start":{"line":89,"column":4},"end":{"line":89,"column":60}}},"fnMap":{"0":{"name":"(anonymous_0)","decl":{"start":{"line":32,"column":21},"end":{"line":32,"column":22}},"loc":{"start":{"line":32,"column":41},"end":{"line":36,"column":5}},"line":32},"1":{"name":"(anonymous_1)","decl":{"start":{"line":37,"column":29},"end":{"line":37,"column":30}},"loc":{"start":{"line":37,"column":49},"end":{"line":37,"column":84}},"line":37},"2":{"name":"setDefaultApiToken","decl":{"start":{"line":40,"column":9},"end":{"line":40,"column":27}},"loc":{"start":{"line":40,"column":35},"end":{"line":42,"column":1}},"line":40},"3":{"name":"authorization","decl":{"start":{"line":44,"column":10},"end":{"line":44,"column":23}},"loc":{"start":{"line":44,"column":32},"end":{"line":52,"column":1}},"line":44},"4":{"name":"refreshTokenProcess","decl":{"start":{"line":54,"column":10},"end":{"line":54,"column":29}},"loc":{"start":{"line":54,"column":32},"end":{"line":65,"column":1}},"line":54},"5":{"name":"rehydrateSaga","decl":{"start":{"line":67,"column":10},"end":{"line":67,"column":23}},"loc":{"start":{"line":67,"column":26},"end":{"line":71,"column":1}},"line":67},"6":{"name":"(anonymous_6)","decl":{"start":{"line":68,"column":35},"end":{"line":68,"column":36}},"loc":{"start":{"line":68,"column":44},"end":{"line":68,"column":54}},"line":68},"7":{"name":"logout","decl":{"start":{"line":73,"column":10},"end":{"line":73,"column":16}},"loc":{"start":{"line":73,"column":19},"end":{"line":83,"column":1}},"line":73},"8":{"name":"saga","decl":{"start":{"line":85,"column":17},"end":{"line":85,"column":21}},"loc":{"start":{"line":85,"column":24},"end":{"line":90,"column":1}},"line":85}},"branchMap":{"0":{"loc":{"start":{"line":56,"column":4},"end":{"line":64,"column":5}},"type":"if","locations":[{"start":{"line":56,"column":4},"end":{"line":64,"column":5}},{"start":{"line":56,"column":4},"end":{"line":64,"column":5}}],"line":56},"1":{"loc":{"start":{"line":56,"column":8},"end":{"line":56,"column":51}},"type":"binary-expr","locations":[{"start":{"line":56,"column":8},"end":{"line":56,"column":27}},{"start":{"line":56,"column":31},"end":{"line":56,"column":51}}],"line":56},"2":{"loc":{"start":{"line":74,"column":4},"end":{"line":82,"column":5}},"type":"binary-expr","locations":[{"start":{"line":74,"column":5},"end":{"line":74,"column":42}},{"start":{"line":74,"column":46},"end":{"line":74,"column":82}},{"start":{"line":75,"column":7},"end":{"line":75,"column":40}},{"start":{"line":76,"column":8},"end":{"line":82,"column":4}}],"line":74}},"s":{"0":1,"1":1,"2":1,"3":1,"4":1,"5":1,"6":1,"7":1,"8":1,"9":2,"10":1,"11":0,"12":0,"13":0,"14":0,"15":0,"16":0,"17":0,"18":0,"19":0,"20":0,"21":0,"22":0,"23":0,"24":0,"25":0,"26":0,"27":0,"28":0,"29":0,"30":0,"31":0},"f":{"0":2,"1":1,"2":0,"3":0,"4":0,"5":0,"6":0,"7":0,"8":0},"b":{"0":[0,0],"1":[0,0],"2":[0,0,0,0]},"_coverageSchema":"43e27e138ebf9cfc5966b082cf9a028302ed4184","hash":"667feebb6c9eb36f21b478f23bef6385a58617a2"}
,"C:\\Users\\User\\todolistteam\\team\\src\\scenes\\container\\settings\\followUser\\duck.js": {"path":"C:\\Users\\User\\todolistteam\\team\\src\\scenes\\container\\settings\\followUser\\duck.js","statementMap":{"0":{"start":{"line":7,"column":22},"end":{"line":7,"column":48}},"1":{"start":{"line":8,"column":27},"end":{"line":8,"column":66}},"2":{"start":{"line":9,"column":35},"end":{"line":9,"column":66}},"3":{"start":{"line":10,"column":22},"end":{"line":10,"column":48}},"4":{"start":{"line":11,"column":30},"end":{"line":11,"column":64}},"5":{"start":{"line":12,"column":27},"end":{"line":12,"column":58}},"6":{"start":{"line":13,"column":47},"end":{"line":13,"column":98}},"7":{"start":{"line":15,"column":23},"end":{"line":23,"column":1}},"8":{"start":{"line":25,"column":21},"end":{"line":30,"column":1}},"9":{"start":{"line":32,"column":23},"end":{"line":37,"column":16}},"10":{"start":{"line":33,"column":34},"end":{"line":33,"column":70}},"11":{"start":{"line":34,"column":47},"end":{"line":34,"column":90}},"12":{"start":{"line":35,"column":42},"end":{"line":35,"column":82}},"13":{"start":{"line":36,"column":59},"end":{"line":36,"column":96}},"14":{"start":{"line":40,"column":16},"end":{"line":40,"column":53}},"15":{"start":{"line":41,"column":4},"end":{"line":41,"column":51}},"16":{"start":{"line":45,"column":4},"end":{"line":52,"column":5}},"17":{"start":{"line":46,"column":20},"end":{"line":46,"column":61}},"18":{"start":{"line":47,"column":8},"end":{"line":47,"column":73}},"19":{"start":{"line":49,"column":8},"end":{"line":49,"column":117}},"20":{"start":{"line":50,"column":8},"end":{"line":51,"column":53}},"21":{"start":{"line":56,"column":38},"end":{"line":56,"column":77}},"22":{"start":{"line":56,"column":60},"end":{"line":56,"column":76}},"23":{"start":{"line":57,"column":28},"end":{"line":57,"column":85}},"24":{"start":{"line":57,"column":50},"end":{"line":57,"column":84}},"25":{"start":{"line":58,"column":24},"end":{"line":58,"column":72}},"26":{"start":{"line":58,"column":50},"end":{"line":58,"column":71}},"27":{"start":{"line":59,"column":4},"end":{"line":59,"column":50}},"28":{"start":{"line":60,"column":16},"end":{"line":60,"column":63}},"29":{"start":{"line":60,"column":40},"end":{"line":60,"column":62}},"30":{"start":{"line":61,"column":4},"end":{"line":61,"column":42}},"31":{"start":{"line":65,"column":4},"end":{"line":65,"column":54}},"32":{"start":{"line":66,"column":4},"end":{"line":66,"column":63}},"33":{"start":{"line":67,"column":4},"end":{"line":67,"column":50}}},"fnMap":{"0":{"name":"(anonymous_0)","decl":{"start":{"line":33,"column":14},"end":{"line":33,"column":15}},"loc":{"start":{"line":33,"column":34},"end":{"line":33,"column":70}},"line":33},"1":{"name":"(anonymous_1)","decl":{"start":{"line":34,"column":27},"end":{"line":34,"column":28}},"loc":{"start":{"line":34,"column":47},"end":{"line":34,"column":90}},"line":34},"2":{"name":"(anonymous_2)","decl":{"start":{"line":35,"column":22},"end":{"line":35,"column":23}},"loc":{"start":{"line":35,"column":42},"end":{"line":35,"column":82}},"line":35},"3":{"name":"(anonymous_3)","decl":{"start":{"line":36,"column":39},"end":{"line":36,"column":40}},"loc":{"start":{"line":36,"column":59},"end":{"line":36,"column":96}},"line":36},"4":{"name":"fetchUsersNames","decl":{"start":{"line":39,"column":10},"end":{"line":39,"column":25}},"loc":{"start":{"line":39,"column":28},"end":{"line":42,"column":1}},"line":39},"5":{"name":"followUsers","decl":{"start":{"line":44,"column":10},"end":{"line":44,"column":21}},"loc":{"start":{"line":44,"column":30},"end":{"line":53,"column":1}},"line":44},"6":{"name":"mutate","decl":{"start":{"line":55,"column":10},"end":{"line":55,"column":16}},"loc":{"start":{"line":55,"column":19},"end":{"line":62,"column":1}},"line":55},"7":{"name":"(anonymous_7)","decl":{"start":{"line":56,"column":51},"end":{"line":56,"column":52}},"loc":{"start":{"line":56,"column":60},"end":{"line":56,"column":76}},"line":56},"8":{"name":"(anonymous_8)","decl":{"start":{"line":57,"column":41},"end":{"line":57,"column":42}},"loc":{"start":{"line":57,"column":50},"end":{"line":57,"column":84}},"line":57},"9":{"name":"(anonymous_9)","decl":{"start":{"line":58,"column":45},"end":{"line":58,"column":46}},"loc":{"start":{"line":58,"column":50},"end":{"line":58,"column":71}},"line":58},"10":{"name":"(anonymous_10)","decl":{"start":{"line":60,"column":35},"end":{"line":60,"column":36}},"loc":{"start":{"line":60,"column":40},"end":{"line":60,"column":62}},"line":60},"11":{"name":"saga","decl":{"start":{"line":64,"column":17},"end":{"line":64,"column":21}},"loc":{"start":{"line":64,"column":24},"end":{"line":68,"column":1}},"line":64}},"branchMap":{"0":{"loc":{"start":{"line":49,"column":8},"end":{"line":49,"column":116}},"type":"binary-expr","locations":[{"start":{"line":49,"column":8},"end":{"line":49,"column":33}},{"start":{"line":49,"column":38},"end":{"line":49,"column":115}}],"line":49},"1":{"loc":{"start":{"line":50,"column":8},"end":{"line":51,"column":52}},"type":"binary-expr","locations":[{"start":{"line":50,"column":8},"end":{"line":50,"column":33}},{"start":{"line":50,"column":38},"end":{"line":51,"column":51}}],"line":50}},"s":{"0":1,"1":1,"2":1,"3":1,"4":1,"5":1,"6":1,"7":1,"8":1,"9":1,"10":1,"11":1,"12":1,"13":1,"14":0,"15":0,"16":0,"17":0,"18":0,"19":0,"20":0,"21":0,"22":0,"23":0,"24":0,"25":0,"26":0,"27":0,"28":0,"29":0,"30":0,"31":0,"32":0,"33":0},"f":{"0":1,"1":1,"2":1,"3":1,"4":0,"5":0,"6":0,"7":0,"8":0,"9":0,"10":0,"11":0},"b":{"0":[0,0],"1":[0,0]},"_coverageSchema":"43e27e138ebf9cfc5966b082cf9a028302ed4184","hash":"1126cad0394fa5fea58105df7aa31369a9f2bc7d"}
,"C:\\Users\\User\\todolistteam\\team\\src\\scenes\\container\\settings\\profile\\duck.js": {"path":"C:\\Users\\User\\todolistteam\\team\\src\\scenes\\container\\settings\\profile\\duck.js","statementMap":{"0":{"start":{"line":11,"column":34},"end":{"line":11,"column":63}},"1":{"start":{"line":12,"column":42},"end":{"line":12,"column":79}},"2":{"start":{"line":13,"column":28},"end":{"line":13,"column":51}},"3":{"start":{"line":14,"column":30},"end":{"line":14,"column":55}},"4":{"start":{"line":16,"column":23},"end":{"line":21,"column":1}},"5":{"start":{"line":23,"column":21},"end":{"line":25,"column":1}},"6":{"start":{"line":27,"column":23},"end":{"line":29,"column":16}},"7":{"start":{"line":28,"column":54},"end":{"line":28,"column":95}},"8":{"start":{"line":32,"column":39},"end":{"line":32,"column":46}},"9":{"start":{"line":33,"column":4},"end":{"line":38,"column":5}},"10":{"start":{"line":36,"column":20},"end":{"line":36,"column":46}},"11":{"start":{"line":37,"column":8},"end":{"line":37,"column":61}},"12":{"start":{"line":42,"column":4},"end":{"line":42,"column":47}},"13":{"start":{"line":43,"column":4},"end":{"line":43,"column":26}},"14":{"start":{"line":47,"column":4},"end":{"line":47,"column":35}},"15":{"start":{"line":48,"column":4},"end":{"line":48,"column":33}},"16":{"start":{"line":49,"column":4},"end":{"line":49,"column":26}},"17":{"start":{"line":53,"column":4},"end":{"line":53,"column":55}},"18":{"start":{"line":54,"column":4},"end":{"line":54,"column":52}},"19":{"start":{"line":55,"column":4},"end":{"line":55,"column":56}}},"fnMap":{"0":{"name":"(anonymous_0)","decl":{"start":{"line":28,"column":34},"end":{"line":28,"column":35}},"loc":{"start":{"line":28,"column":54},"end":{"line":28,"column":95}},"line":28},"1":{"name":"fetchUser","decl":{"start":{"line":31,"column":10},"end":{"line":31,"column":19}},"loc":{"start":{"line":31,"column":22},"end":{"line":39,"column":1}},"line":31},"2":{"name":"editProfile","decl":{"start":{"line":41,"column":10},"end":{"line":41,"column":21}},"loc":{"start":{"line":41,"column":30},"end":{"line":44,"column":1}},"line":41},"3":{"name":"deleteProfile","decl":{"start":{"line":46,"column":10},"end":{"line":46,"column":23}},"loc":{"start":{"line":46,"column":26},"end":{"line":50,"column":1}},"line":46},"4":{"name":"saga","decl":{"start":{"line":52,"column":17},"end":{"line":52,"column":21}},"loc":{"start":{"line":52,"column":24},"end":{"line":56,"column":1}},"line":52}},"branchMap":{"0":{"loc":{"start":{"line":33,"column":4},"end":{"line":38,"column":5}},"type":"if","locations":[{"start":{"line":33,"column":4},"end":{"line":38,"column":5}},{"start":{"line":33,"column":4},"end":{"line":38,"column":5}}],"line":33},"1":{"loc":{"start":{"line":33,"column":8},"end":{"line":33,"column":51}},"type":"binary-expr","locations":[{"start":{"line":33,"column":8},"end":{"line":33,"column":27}},{"start":{"line":33,"column":31},"end":{"line":33,"column":51}}],"line":33}},"s":{"0":1,"1":1,"2":1,"3":1,"4":1,"5":1,"6":1,"7":2,"8":0,"9":0,"10":0,"11":0,"12":0,"13":0,"14":0,"15":0,"16":0,"17":0,"18":0,"19":0},"f":{"0":2,"1":0,"2":0,"3":0,"4":0},"b":{"0":[0,0],"1":[0,0]},"_coverageSchema":"43e27e138ebf9cfc5966b082cf9a028302ed4184","hash":"691d994bf3dd56160e838cec5f89d87220212b40"}
,"C:\\Users\\User\\todolistteam\\team\\src\\scenes\\container\\settings\\subscribes\\duck.js": {"path":"C:\\Users\\User\\todolistteam\\team\\src\\scenes\\container\\settings\\subscribes\\duck.js","statementMap":{"0":{"start":{"line":6,"column":34},"end":{"line":6,"column":71}},"1":{"start":{"line":7,"column":22},"end":{"line":7,"column":47}},"2":{"start":{"line":8,"column":30},"end":{"line":8,"column":56}},"3":{"start":{"line":9,"column":33},"end":{"line":9,"column":69}},"4":{"start":{"line":10,"column":41},"end":{"line":10,"column":85}},"5":{"start":{"line":12,"column":23},"end":{"line":18,"column":1}},"6":{"start":{"line":20,"column":21},"end":{"line":24,"column":1}},"7":{"start":{"line":26,"column":23},"end":{"line":30,"column":16}},"8":{"start":{"line":27,"column":46},"end":{"line":27,"column":82}},"9":{"start":{"line":28,"column":42},"end":{"line":28,"column":83}},"10":{"start":{"line":29,"column":53},"end":{"line":29,"column":92}},"11":{"start":{"line":33,"column":34},"end":{"line":33,"column":72}},"12":{"start":{"line":33,"column":56},"end":{"line":33,"column":71}},"13":{"start":{"line":34,"column":16},"end":{"line":36,"column":6}},"14":{"start":{"line":34,"column":41},"end":{"line":36,"column":5}},"15":{"start":{"line":37,"column":4},"end":{"line":37,"column":42}},"16":{"start":{"line":41,"column":16},"end":{"line":41,"column":40}},"17":{"start":{"line":42,"column":4},"end":{"line":42,"column":57}},"18":{"start":{"line":46,"column":4},"end":{"line":46,"column":59}},"19":{"start":{"line":47,"column":4},"end":{"line":47,"column":81}}},"fnMap":{"0":{"name":"(anonymous_0)","decl":{"start":{"line":27,"column":26},"end":{"line":27,"column":27}},"loc":{"start":{"line":27,"column":46},"end":{"line":27,"column":82}},"line":27},"1":{"name":"(anonymous_1)","decl":{"start":{"line":28,"column":22},"end":{"line":28,"column":23}},"loc":{"start":{"line":28,"column":42},"end":{"line":28,"column":83}},"line":28},"2":{"name":"(anonymous_2)","decl":{"start":{"line":29,"column":33},"end":{"line":29,"column":34}},"loc":{"start":{"line":29,"column":53},"end":{"line":29,"column":92}},"line":29},"3":{"name":"mutate","decl":{"start":{"line":32,"column":10},"end":{"line":32,"column":16}},"loc":{"start":{"line":32,"column":19},"end":{"line":38,"column":1}},"line":32},"4":{"name":"(anonymous_4)","decl":{"start":{"line":33,"column":47},"end":{"line":33,"column":48}},"loc":{"start":{"line":33,"column":56},"end":{"line":33,"column":71}},"line":33},"5":{"name":"(anonymous_5)","decl":{"start":{"line":34,"column":33},"end":{"line":34,"column":34}},"loc":{"start":{"line":34,"column":41},"end":{"line":36,"column":5}},"line":34},"6":{"name":"getSubscribers","decl":{"start":{"line":40,"column":10},"end":{"line":40,"column":24}},"loc":{"start":{"line":40,"column":27},"end":{"line":43,"column":1}},"line":40},"7":{"name":"saga","decl":{"start":{"line":45,"column":17},"end":{"line":45,"column":21}},"loc":{"start":{"line":45,"column":24},"end":{"line":48,"column":1}},"line":45}},"branchMap":{},"s":{"0":1,"1":1,"2":1,"3":1,"4":1,"5":1,"6":1,"7":1,"8":2,"9":2,"10":2,"11":0,"12":0,"13":0,"14":0,"15":0,"16":0,"17":0,"18":0,"19":0},"f":{"0":2,"1":2,"2":2,"3":0,"4":0,"5":0,"6":0,"7":0},"b":{},"_coverageSchema":"43e27e138ebf9cfc5966b082cf9a028302ed4184","hash":"fbc3d8613a3e6b1f0c9a5be4ba34828be9de8deb"}
,"C:\\Users\\User\\todolistteam\\team\\src\\scenes\\dashboard\\duck.js": {"path":"C:\\Users\\User\\todolistteam\\team\\src\\scenes\\dashboard\\duck.js","statementMap":{"0":{"start":{"line":20,"column":31},"end":{"line":20,"column":58}},"1":{"start":{"line":21,"column":39},"end":{"line":21,"column":74}},"2":{"start":{"line":23,"column":38},"end":{"line":23,"column":72}},"3":{"start":{"line":24,"column":42},"end":{"line":24,"column":80}},"4":{"start":{"line":26,"column":33},"end":{"line":26,"column":62}},"5":{"start":{"line":27,"column":37},"end":{"line":27,"column":70}},"6":{"start":{"line":29,"column":29},"end":{"line":29,"column":54}},"7":{"start":{"line":30,"column":32},"end":{"line":30,"column":60}},"8":{"start":{"line":31,"column":38},"end":{"line":31,"column":72}},"9":{"start":{"line":32,"column":46},"end":{"line":32,"column":88}},"10":{"start":{"line":34,"column":24},"end":{"line":34,"column":34}},"11":{"start":{"line":35,"column":31},"end":{"line":35,"column":48}},"12":{"start":{"line":36,"column":32},"end":{"line":36,"column":50}},"13":{"start":{"line":37,"column":40},"end":{"line":37,"column":66}},"14":{"start":{"line":38,"column":27},"end":{"line":38,"column":40}},"15":{"start":{"line":40,"column":22},"end":{"line":40,"column":40}},"16":{"start":{"line":41,"column":22},"end":{"line":41,"column":40}},"17":{"start":{"line":42,"column":30},"end":{"line":42,"column":56}},"18":{"start":{"line":44,"column":26},"end":{"line":44,"column":48}},"19":{"start":{"line":45,"column":27},"end":{"line":45,"column":50}},"20":{"start":{"line":46,"column":27},"end":{"line":46,"column":50}},"21":{"start":{"line":48,"column":33},"end":{"line":48,"column":52}},"22":{"start":{"line":50,"column":23},"end":{"line":73,"column":1}},"23":{"start":{"line":76,"column":21},"end":{"line":88,"column":1}},"24":{"start":{"line":90,"column":23},"end":{"line":133,"column":16}},"25":{"start":{"line":91,"column":39},"end":{"line":91,"column":91}},"26":{"start":{"line":92,"column":39},"end":{"line":92,"column":71}},"27":{"start":{"line":93,"column":51},"end":{"line":93,"column":91}},"28":{"start":{"line":94,"column":42},"end":{"line":94,"column":79}},"29":{"start":{"line":95,"column":50},"end":{"line":100,"column":5}},"30":{"start":{"line":101,"column":54},"end":{"line":101,"column":92}},"31":{"start":{"line":103,"column":50},"end":{"line":107,"column":5}},"32":{"start":{"line":105,"column":51},"end":{"line":106,"column":63}},"33":{"start":{"line":108,"column":43},"end":{"line":117,"column":5}},"34":{"start":{"line":111,"column":12},"end":{"line":115,"column":17}},"35":{"start":{"line":113,"column":41},"end":{"line":114,"column":70}},"36":{"start":{"line":118,"column":44},"end":{"line":127,"column":5}},"37":{"start":{"line":121,"column":12},"end":{"line":125,"column":17}},"38":{"start":{"line":123,"column":41},"end":{"line":124,"column":66}},"39":{"start":{"line":129,"column":45},"end":{"line":129,"column":83}},"40":{"start":{"line":130,"column":49},"end":{"line":130,"column":91}},"41":{"start":{"line":131,"column":34},"end":{"line":131,"column":68}},"42":{"start":{"line":132,"column":45},"end":{"line":132,"column":84}},"43":{"start":{"line":138,"column":8},"end":{"line":138,"column":46}},"44":{"start":{"line":138,"column":30},"end":{"line":138,"column":45}},"45":{"start":{"line":140,"column":4},"end":{"line":161,"column":5}},"46":{"start":{"line":142,"column":12},"end":{"line":142,"column":43}},"47":{"start":{"line":143,"column":12},"end":{"line":143,"column":18}},"48":{"start":{"line":145,"column":12},"end":{"line":145,"column":44}},"49":{"start":{"line":146,"column":12},"end":{"line":146,"column":18}},"50":{"start":{"line":148,"column":12},"end":{"line":148,"column":42}},"51":{"start":{"line":149,"column":12},"end":{"line":149,"column":18}},"52":{"start":{"line":151,"column":12},"end":{"line":151,"column":43}},"53":{"start":{"line":152,"column":12},"end":{"line":152,"column":18}},"54":{"start":{"line":154,"column":12},"end":{"line":154,"column":43}},"55":{"start":{"line":155,"column":12},"end":{"line":155,"column":18}},"56":{"start":{"line":157,"column":12},"end":{"line":157,"column":44}},"57":{"start":{"line":158,"column":12},"end":{"line":158,"column":18}},"58":{"start":{"line":160,"column":12},"end":{"line":160,"column":33}},"59":{"start":{"line":162,"column":17},"end":{"line":163,"column":77}},"60":{"start":{"line":164,"column":26},"end":{"line":164,"column":44}},"61":{"start":{"line":165,"column":20},"end":{"line":165,"column":50}},"62":{"start":{"line":166,"column":23},"end":{"line":166,"column":38}},"63":{"start":{"line":167,"column":4},"end":{"line":167,"column":81}},"64":{"start":{"line":168,"column":24},"end":{"line":168,"column":112}},"65":{"start":{"line":168,"column":85},"end":{"line":168,"column":105}},"66":{"start":{"line":169,"column":4},"end":{"line":169,"column":60}},"67":{"start":{"line":170,"column":20},"end":{"line":170,"column":47}},"68":{"start":{"line":171,"column":4},"end":{"line":171,"column":54}},"69":{"start":{"line":175,"column":4},"end":{"line":175,"column":46}},"70":{"start":{"line":176,"column":4},"end":{"line":176,"column":30}},"71":{"start":{"line":180,"column":38},"end":{"line":180,"column":44}},"72":{"start":{"line":181,"column":17},"end":{"line":181,"column":91}},"73":{"start":{"line":181,"column":39},"end":{"line":181,"column":90}},"74":{"start":{"line":181,"column":78},"end":{"line":181,"column":89}},"75":{"start":{"line":182,"column":24},"end":{"line":182,"column":72}},"76":{"start":{"line":183,"column":4},"end":{"line":183,"column":44}},"77":{"start":{"line":184,"column":4},"end":{"line":184,"column":30}},"78":{"start":{"line":188,"column":4},"end":{"line":188,"column":21}},"79":{"start":{"line":189,"column":4},"end":{"line":192,"column":7}},"80":{"start":{"line":193,"column":4},"end":{"line":193,"column":30}},"81":{"start":{"line":197,"column":55},"end":{"line":197,"column":61}},"82":{"start":{"line":198,"column":4},"end":{"line":201,"column":7}},"83":{"start":{"line":202,"column":4},"end":{"line":202,"column":30}},"84":{"start":{"line":206,"column":4},"end":{"line":206,"column":53}},"85":{"start":{"line":207,"column":4},"end":{"line":207,"column":30}},"86":{"start":{"line":211,"column":4},"end":{"line":211,"column":104}},"87":{"start":{"line":212,"column":4},"end":{"line":212,"column":30}},"88":{"start":{"line":216,"column":4},"end":{"line":216,"column":45}},"89":{"start":{"line":217,"column":4},"end":{"line":217,"column":30}},"90":{"start":{"line":221,"column":35},"end":{"line":221,"column":73}},"91":{"start":{"line":221,"column":57},"end":{"line":221,"column":72}},"92":{"start":{"line":222,"column":20},"end":{"line":222,"column":111}},"93":{"start":{"line":222,"column":48},"end":{"line":222,"column":110}},"94":{"start":{"line":223,"column":4},"end":{"line":223,"column":55}},"95":{"start":{"line":227,"column":4},"end":{"line":234,"column":5}},"96":{"start":{"line":228,"column":8},"end":{"line":228,"column":88}},"97":{"start":{"line":229,"column":8},"end":{"line":229,"column":34}},"98":{"start":{"line":230,"column":8},"end":{"line":230,"column":38}},"99":{"start":{"line":233,"column":8},"end":{"line":233,"column":104}},"100":{"start":{"line":238,"column":4},"end":{"line":238,"column":145}},"101":{"start":{"line":239,"column":4},"end":{"line":239,"column":59}},"102":{"start":{"line":240,"column":4},"end":{"line":240,"column":48}},"103":{"start":{"line":241,"column":4},"end":{"line":241,"column":62}},"104":{"start":{"line":242,"column":4},"end":{"line":242,"column":49}},"105":{"start":{"line":243,"column":4},"end":{"line":243,"column":46}},"106":{"start":{"line":244,"column":4},"end":{"line":244,"column":70}},"107":{"start":{"line":245,"column":4},"end":{"line":245,"column":67}},"108":{"start":{"line":246,"column":4},"end":{"line":246,"column":67}},"109":{"start":{"line":247,"column":4},"end":{"line":247,"column":47}}},"fnMap":{"0":{"name":"(anonymous_0)","decl":{"start":{"line":91,"column":19},"end":{"line":91,"column":20}},"loc":{"start":{"line":91,"column":39},"end":{"line":91,"column":91}},"line":91},"1":{"name":"(anonymous_1)","decl":{"start":{"line":92,"column":19},"end":{"line":92,"column":20}},"loc":{"start":{"line":92,"column":39},"end":{"line":92,"column":71}},"line":92},"2":{"name":"(anonymous_2)","decl":{"start":{"line":93,"column":31},"end":{"line":93,"column":32}},"loc":{"start":{"line":93,"column":51},"end":{"line":93,"column":91}},"line":93},"3":{"name":"(anonymous_3)","decl":{"start":{"line":94,"column":22},"end":{"line":94,"column":23}},"loc":{"start":{"line":94,"column":42},"end":{"line":94,"column":79}},"line":94},"4":{"name":"(anonymous_4)","decl":{"start":{"line":95,"column":30},"end":{"line":95,"column":31}},"loc":{"start":{"line":95,"column":50},"end":{"line":100,"column":5}},"line":95},"5":{"name":"(anonymous_5)","decl":{"start":{"line":101,"column":34},"end":{"line":101,"column":35}},"loc":{"start":{"line":101,"column":54},"end":{"line":101,"column":92}},"line":101},"6":{"name":"(anonymous_6)","decl":{"start":{"line":103,"column":30},"end":{"line":103,"column":31}},"loc":{"start":{"line":103,"column":50},"end":{"line":107,"column":5}},"line":103},"7":{"name":"(anonymous_7)","decl":{"start":{"line":105,"column":45},"end":{"line":105,"column":46}},"loc":{"start":{"line":105,"column":51},"end":{"line":106,"column":63}},"line":105},"8":{"name":"(anonymous_8)","decl":{"start":{"line":108,"column":23},"end":{"line":108,"column":24}},"loc":{"start":{"line":108,"column":43},"end":{"line":117,"column":5}},"line":108},"9":{"name":"(anonymous_9)","decl":{"start":{"line":110,"column":45},"end":{"line":110,"column":46}},"loc":{"start":{"line":111,"column":12},"end":{"line":115,"column":17}},"line":111},"10":{"name":"(anonymous_10)","decl":{"start":{"line":113,"column":35},"end":{"line":113,"column":36}},"loc":{"start":{"line":113,"column":41},"end":{"line":114,"column":70}},"line":113},"11":{"name":"(anonymous_11)","decl":{"start":{"line":118,"column":24},"end":{"line":118,"column":25}},"loc":{"start":{"line":118,"column":44},"end":{"line":127,"column":5}},"line":118},"12":{"name":"(anonymous_12)","decl":{"start":{"line":120,"column":45},"end":{"line":120,"column":46}},"loc":{"start":{"line":121,"column":12},"end":{"line":125,"column":17}},"line":121},"13":{"name":"(anonymous_13)","decl":{"start":{"line":123,"column":35},"end":{"line":123,"column":36}},"loc":{"start":{"line":123,"column":41},"end":{"line":124,"column":66}},"line":123},"14":{"name":"(anonymous_14)","decl":{"start":{"line":129,"column":25},"end":{"line":129,"column":26}},"loc":{"start":{"line":129,"column":45},"end":{"line":129,"column":83}},"line":129},"15":{"name":"(anonymous_15)","decl":{"start":{"line":130,"column":29},"end":{"line":130,"column":30}},"loc":{"start":{"line":130,"column":49},"end":{"line":130,"column":91}},"line":130},"16":{"name":"(anonymous_16)","decl":{"start":{"line":131,"column":14},"end":{"line":131,"column":15}},"loc":{"start":{"line":131,"column":34},"end":{"line":131,"column":68}},"line":131},"17":{"name":"(anonymous_17)","decl":{"start":{"line":132,"column":25},"end":{"line":132,"column":26}},"loc":{"start":{"line":132,"column":45},"end":{"line":132,"column":84}},"line":132},"18":{"name":"fetchAllLists","decl":{"start":{"line":135,"column":10},"end":{"line":135,"column":23}},"loc":{"start":{"line":135,"column":26},"end":{"line":172,"column":1}},"line":135},"19":{"name":"(anonymous_19)","decl":{"start":{"line":138,"column":21},"end":{"line":138,"column":22}},"loc":{"start":{"line":138,"column":30},"end":{"line":138,"column":45}},"line":138},"20":{"name":"(anonymous_20)","decl":{"start":{"line":168,"column":79},"end":{"line":168,"column":80}},"loc":{"start":{"line":168,"column":85},"end":{"line":168,"column":105}},"line":168},"21":{"name":"deleteDashboard","decl":{"start":{"line":174,"column":10},"end":{"line":174,"column":25}},"loc":{"start":{"line":174,"column":34},"end":{"line":177,"column":1}},"line":174},"22":{"name":"updateTitle","decl":{"start":{"line":179,"column":10},"end":{"line":179,"column":21}},"loc":{"start":{"line":179,"column":30},"end":{"line":185,"column":1}},"line":179},"23":{"name":"(anonymous_23)","decl":{"start":{"line":181,"column":30},"end":{"line":181,"column":31}},"loc":{"start":{"line":181,"column":39},"end":{"line":181,"column":90}},"line":181},"24":{"name":"(anonymous_24)","decl":{"start":{"line":181,"column":73},"end":{"line":181,"column":74}},"loc":{"start":{"line":181,"column":78},"end":{"line":181,"column":89}},"line":181},"25":{"name":"updateSelectedTask","decl":{"start":{"line":187,"column":10},"end":{"line":187,"column":28}},"loc":{"start":{"line":187,"column":37},"end":{"line":194,"column":1}},"line":187},"26":{"name":"updateNameTask","decl":{"start":{"line":196,"column":10},"end":{"line":196,"column":24}},"loc":{"start":{"line":196,"column":33},"end":{"line":203,"column":1}},"line":196},"27":{"name":"deleteTask","decl":{"start":{"line":205,"column":10},"end":{"line":205,"column":20}},"loc":{"start":{"line":205,"column":29},"end":{"line":208,"column":1}},"line":205},"28":{"name":"addNewTask","decl":{"start":{"line":210,"column":10},"end":{"line":210,"column":20}},"loc":{"start":{"line":210,"column":29},"end":{"line":213,"column":1}},"line":210},"29":{"name":"addList","decl":{"start":{"line":215,"column":10},"end":{"line":215,"column":17}},"loc":{"start":{"line":215,"column":26},"end":{"line":218,"column":1}},"line":215},"30":{"name":"mutate","decl":{"start":{"line":220,"column":10},"end":{"line":220,"column":16}},"loc":{"start":{"line":220,"column":19},"end":{"line":224,"column":1}},"line":220},"31":{"name":"(anonymous_31)","decl":{"start":{"line":221,"column":48},"end":{"line":221,"column":49}},"loc":{"start":{"line":221,"column":57},"end":{"line":221,"column":72}},"line":221},"32":{"name":"(anonymous_32)","decl":{"start":{"line":222,"column":40},"end":{"line":222,"column":41}},"loc":{"start":{"line":222,"column":48},"end":{"line":222,"column":110}},"line":222},"33":{"name":"shareList","decl":{"start":{"line":226,"column":10},"end":{"line":226,"column":19}},"loc":{"start":{"line":226,"column":28},"end":{"line":235,"column":1}},"line":226},"34":{"name":"saga","decl":{"start":{"line":237,"column":17},"end":{"line":237,"column":21}},"loc":{"start":{"line":237,"column":24},"end":{"line":248,"column":1}},"line":237}},"branchMap":{"0":{"loc":{"start":{"line":105,"column":51},"end":{"line":106,"column":63}},"type":"cond-expr","locations":[{"start":{"line":106,"column":14},"end":{"line":106,"column":59}},{"start":{"line":106,"column":62},"end":{"line":106,"column":63}}],"line":105},"1":{"loc":{"start":{"line":111,"column":12},"end":{"line":115,"column":17}},"type":"cond-expr","locations":[{"start":{"line":111,"column":50},"end":{"line":115,"column":13}},{"start":{"line":115,"column":16},"end":{"line":115,"column":17}}],"line":111},"2":{"loc":{"start":{"line":113,"column":41},"end":{"line":114,"column":70}},"type":"cond-expr","locations":[{"start":{"line":114,"column":22},"end":{"line":114,"column":66}},{"start":{"line":114,"column":69},"end":{"line":114,"column":70}}],"line":113},"3":{"loc":{"start":{"line":121,"column":12},"end":{"line":125,"column":17}},"type":"cond-expr","locations":[{"start":{"line":121,"column":50},"end":{"line":125,"column":13}},{"start":{"line":125,"column":16},"end":{"line":125,"column":17}}],"line":121},"4":{"loc":{"start":{"line":123,"column":41},"end":{"line":124,"column":66}},"type":"cond-expr","locations":[{"start":{"line":124,"column":22},"end":{"line":124,"column":62}},{"start":{"line":124,"column":65},"end":{"line":124,"column":66}}],"line":123},"5":{"loc":{"start":{"line":140,"column":4},"end":{"line":161,"column":5}},"type":"switch","locations":[{"start":{"line":141,"column":8},"end":{"line":143,"column":18}},{"start":{"line":144,"column":8},"end":{"line":146,"column":18}},{"start":{"line":147,"column":8},"end":{"line":149,"column":18}},{"start":{"line":150,"column":8},"end":{"line":152,"column":18}},{"start":{"line":153,"column":8},"end":{"line":155,"column":18}},{"start":{"line":156,"column":8},"end":{"line":158,"column":18}},{"start":{"line":159,"column":8},"end":{"line":160,"column":33}}],"line":140},"6":{"loc":{"start":{"line":162,"column":17},"end":{"line":163,"column":77}},"type":"cond-expr","locations":[{"start":{"line":163,"column":10},"end":{"line":163,"column":72}},{"start":{"line":163,"column":75},"end":{"line":163,"column":77}}],"line":162},"7":{"loc":{"start":{"line":165,"column":20},"end":{"line":165,"column":50}},"type":"cond-expr","locations":[{"start":{"line":165,"column":33},"end":{"line":165,"column":45}},{"start":{"line":165,"column":48},"end":{"line":165,"column":50}}],"line":165},"8":{"loc":{"start":{"line":168,"column":24},"end":{"line":168,"column":112}},"type":"cond-expr","locations":[{"start":{"line":168,"column":41},"end":{"line":168,"column":107}},{"start":{"line":168,"column":110},"end":{"line":168,"column":112}}],"line":168},"9":{"loc":{"start":{"line":182,"column":48},"end":{"line":182,"column":71}},"type":"binary-expr","locations":[{"start":{"line":182,"column":48},"end":{"line":182,"column":56}},{"start":{"line":182,"column":60},"end":{"line":182,"column":71}}],"line":182},"10":{"loc":{"start":{"line":199,"column":14},"end":{"line":199,"column":40}},"type":"binary-expr","locations":[{"start":{"line":199,"column":14},"end":{"line":199,"column":25}},{"start":{"line":199,"column":29},"end":{"line":199,"column":40}}],"line":199},"11":{"loc":{"start":{"line":233,"column":8},"end":{"line":233,"column":103}},"type":"cond-expr","locations":[{"start":{"line":233,"column":36},"end":{"line":233,"column":96}},{"start":{"line":233,"column":99},"end":{"line":233,"column":103}}],"line":233}},"s":{"0":1,"1":1,"2":1,"3":1,"4":1,"5":1,"6":1,"7":1,"8":1,"9":1,"10":1,"11":1,"12":1,"13":1,"14":1,"15":1,"16":1,"17":1,"18":1,"19":1,"20":1,"21":1,"22":1,"23":1,"24":1,"25":2,"26":2,"27":0,"28":0,"29":0,"30":0,"31":0,"32":0,"33":0,"34":0,"35":0,"36":2,"37":0,"38":0,"39":0,"40":0,"41":2,"42":2,"43":0,"44":0,"45":0,"46":0,"47":0,"48":0,"49":0,"50":0,"51":0,"52":0,"53":0,"54":0,"55":0,"56":0,"57":0,"58":0,"59":0,"60":0,"61":0,"62":0,"63":0,"64":0,"65":0,"66":0,"67":0,"68":0,"69":0,"70":0,"71":0,"72":0,"73":0,"74":0,"75":0,"76":0,"77":0,"78":0,"79":0,"80":0,"81":0,"82":0,"83":0,"84":0,"85":0,"86":0,"87":0,"88":0,"89":0,"90":0,"91":0,"92":0,"93":0,"94":0,"95":0,"96":0,"97":0,"98":0,"99":0,"100":0,"101":0,"102":0,"103":0,"104":0,"105":0,"106":0,"107":0,"108":0,"109":0},"f":{"0":2,"1":2,"2":0,"3":0,"4":0,"5":0,"6":0,"7":0,"8":0,"9":0,"10":0,"11":2,"12":0,"13":0,"14":0,"15":0,"16":2,"17":2,"18":0,"19":0,"20":0,"21":0,"22":0,"23":0,"24":0,"25":0,"26":0,"27":0,"28":0,"29":0,"30":0,"31":0,"32":0,"33":0,"34":0},"b":{"0":[0,0],"1":[0,0],"2":[0,0],"3":[0,0],"4":[0,0],"5":[0,0,0,0,0,0,0],"6":[0,0],"7":[0,0],"8":[0,0],"9":[0,0],"10":[0,0],"11":[0,0]},"_coverageSchema":"43e27e138ebf9cfc5966b082cf9a028302ed4184","hash":"cab97eb6b2b17b7f3f03e16d77c6f5159c5a21da"}
,"C:\\Users\\User\\todolistteam\\team\\src\\scenes\\list\\duck.js": {"path":"C:\\Users\\User\\todolistteam\\team\\src\\scenes\\list\\duck.js","statementMap":{"0":{"start":{"line":11,"column":26},"end":{"line":11,"column":43}},"1":{"start":{"line":12,"column":34},"end":{"line":12,"column":59}},"2":{"start":{"line":13,"column":27},"end":{"line":13,"column":45}},"3":{"start":{"line":14,"column":33},"end":{"line":14,"column":57}},"4":{"start":{"line":15,"column":32},"end":{"line":15,"column":55}},"5":{"start":{"line":16,"column":41},"end":{"line":16,"column":73}},"6":{"start":{"line":17,"column":29},"end":{"line":17,"column":49}},"7":{"start":{"line":18,"column":32},"end":{"line":18,"column":55}},"8":{"start":{"line":19,"column":27},"end":{"line":19,"column":45}},"9":{"start":{"line":20,"column":36},"end":{"line":20,"column":63}},"10":{"start":{"line":21,"column":29},"end":{"line":21,"column":49}},"11":{"start":{"line":22,"column":33},"end":{"line":22,"column":57}},"12":{"start":{"line":23,"column":22},"end":{"line":23,"column":35}},"13":{"start":{"line":24,"column":30},"end":{"line":24,"column":51}},"14":{"start":{"line":26,"column":23},"end":{"line":41,"column":1}},"15":{"start":{"line":43,"column":21},"end":{"line":49,"column":1}},"16":{"start":{"line":50,"column":23},"end":{"line":87,"column":16}},"17":{"start":{"line":52,"column":46},"end":{"line":52,"column":78}},"18":{"start":{"line":54,"column":53},"end":{"line":54,"column":85}},"19":{"start":{"line":56,"column":45},"end":{"line":59,"column":5}},"20":{"start":{"line":61,"column":44},"end":{"line":70,"column":5}},"21":{"start":{"line":65,"column":46},"end":{"line":68,"column":21}},"22":{"start":{"line":72,"column":48},"end":{"line":81,"column":5}},"23":{"start":{"line":76,"column":46},"end":{"line":79,"column":21}},"24":{"start":{"line":83,"column":39},"end":{"line":83,"column":73}},"25":{"start":{"line":84,"column":41},"end":{"line":84,"column":87}},"26":{"start":{"line":85,"column":45},"end":{"line":85,"column":97}},"27":{"start":{"line":90,"column":44},"end":{"line":90,"column":77}},"28":{"start":{"line":90,"column":66},"end":{"line":90,"column":76}},"29":{"start":{"line":91,"column":14},"end":{"line":91,"column":59}},"30":{"start":{"line":92,"column":4},"end":{"line":99,"column":53}},"31":{"start":{"line":95,"column":47},"end":{"line":95,"column":71}},"32":{"start":{"line":98,"column":47},"end":{"line":98,"column":72}},"33":{"start":{"line":103,"column":4},"end":{"line":103,"column":22}},"34":{"start":{"line":104,"column":17},"end":{"line":104,"column":67}},"35":{"start":{"line":105,"column":4},"end":{"line":105,"column":110}},"36":{"start":{"line":109,"column":4},"end":{"line":109,"column":22}},"37":{"start":{"line":110,"column":17},"end":{"line":110,"column":67}},"38":{"start":{"line":111,"column":4},"end":{"line":111,"column":27}},"39":{"start":{"line":112,"column":4},"end":{"line":115,"column":7}},"40":{"start":{"line":116,"column":14},"end":{"line":116,"column":64}},"41":{"start":{"line":117,"column":4},"end":{"line":117,"column":24}},"42":{"start":{"line":118,"column":4},"end":{"line":118,"column":48}},"43":{"start":{"line":122,"column":17},"end":{"line":122,"column":67}},"44":{"start":{"line":123,"column":23},"end":{"line":127,"column":10}},"45":{"start":{"line":126,"column":47},"end":{"line":126,"column":89}},"46":{"start":{"line":128,"column":4},"end":{"line":128,"column":26}},"47":{"start":{"line":132,"column":4},"end":{"line":132,"column":106}},"48":{"start":{"line":133,"column":14},"end":{"line":133,"column":64}},"49":{"start":{"line":134,"column":4},"end":{"line":134,"column":48}},"50":{"start":{"line":138,"column":4},"end":{"line":138,"column":55}},"51":{"start":{"line":142,"column":4},"end":{"line":142,"column":55}},"52":{"start":{"line":143,"column":4},"end":{"line":143,"column":50}},"53":{"start":{"line":144,"column":14},"end":{"line":144,"column":64}},"54":{"start":{"line":145,"column":4},"end":{"line":145,"column":48}},"55":{"start":{"line":149,"column":17},"end":{"line":149,"column":67}},"56":{"start":{"line":150,"column":4},"end":{"line":150,"column":22}},"57":{"start":{"line":151,"column":4},"end":{"line":154,"column":7}},"58":{"start":{"line":155,"column":14},"end":{"line":155,"column":64}},"59":{"start":{"line":156,"column":4},"end":{"line":156,"column":48}},"60":{"start":{"line":160,"column":4},"end":{"line":160,"column":83}},"61":{"start":{"line":161,"column":4},"end":{"line":161,"column":56}},"62":{"start":{"line":162,"column":4},"end":{"line":162,"column":51}},"63":{"start":{"line":163,"column":4},"end":{"line":163,"column":54}},"64":{"start":{"line":164,"column":4},"end":{"line":164,"column":59}},"65":{"start":{"line":165,"column":4},"end":{"line":165,"column":67}},"66":{"start":{"line":166,"column":4},"end":{"line":166,"column":60}},"67":{"start":{"line":167,"column":4},"end":{"line":167,"column":57}}},"fnMap":{"0":{"name":"(anonymous_0)","decl":{"start":{"line":52,"column":26},"end":{"line":52,"column":27}},"loc":{"start":{"line":52,"column":46},"end":{"line":52,"column":78}},"line":52},"1":{"name":"(anonymous_1)","decl":{"start":{"line":54,"column":33},"end":{"line":54,"column":34}},"loc":{"start":{"line":54,"column":53},"end":{"line":54,"column":85}},"line":54},"2":{"name":"(anonymous_2)","decl":{"start":{"line":56,"column":25},"end":{"line":56,"column":26}},"loc":{"start":{"line":56,"column":45},"end":{"line":59,"column":5}},"line":56},"3":{"name":"(anonymous_3)","decl":{"start":{"line":61,"column":24},"end":{"line":61,"column":25}},"loc":{"start":{"line":61,"column":44},"end":{"line":70,"column":5}},"line":61},"4":{"name":"(anonymous_4)","decl":{"start":{"line":65,"column":40},"end":{"line":65,"column":41}},"loc":{"start":{"line":65,"column":46},"end":{"line":68,"column":21}},"line":65},"5":{"name":"(anonymous_5)","decl":{"start":{"line":72,"column":28},"end":{"line":72,"column":29}},"loc":{"start":{"line":72,"column":48},"end":{"line":81,"column":5}},"line":72},"6":{"name":"(anonymous_6)","decl":{"start":{"line":76,"column":40},"end":{"line":76,"column":41}},"loc":{"start":{"line":76,"column":46},"end":{"line":79,"column":21}},"line":76},"7":{"name":"(anonymous_7)","decl":{"start":{"line":83,"column":19},"end":{"line":83,"column":20}},"loc":{"start":{"line":83,"column":39},"end":{"line":83,"column":73}},"line":83},"8":{"name":"(anonymous_8)","decl":{"start":{"line":84,"column":21},"end":{"line":84,"column":22}},"loc":{"start":{"line":84,"column":41},"end":{"line":84,"column":87}},"line":84},"9":{"name":"(anonymous_9)","decl":{"start":{"line":85,"column":25},"end":{"line":85,"column":26}},"loc":{"start":{"line":85,"column":45},"end":{"line":85,"column":97}},"line":85},"10":{"name":"fetchList","decl":{"start":{"line":89,"column":10},"end":{"line":89,"column":19}},"loc":{"start":{"line":89,"column":28},"end":{"line":100,"column":1}},"line":89},"11":{"name":"(anonymous_11)","decl":{"start":{"line":90,"column":57},"end":{"line":90,"column":58}},"loc":{"start":{"line":90,"column":66},"end":{"line":90,"column":76}},"line":90},"12":{"name":"(anonymous_12)","decl":{"start":{"line":95,"column":39},"end":{"line":95,"column":40}},"loc":{"start":{"line":95,"column":47},"end":{"line":95,"column":71}},"line":95},"13":{"name":"(anonymous_13)","decl":{"start":{"line":98,"column":39},"end":{"line":98,"column":40}},"loc":{"start":{"line":98,"column":47},"end":{"line":98,"column":72}},"line":98},"14":{"name":"updateTitle","decl":{"start":{"line":102,"column":10},"end":{"line":102,"column":21}},"loc":{"start":{"line":102,"column":30},"end":{"line":106,"column":1}},"line":102},"15":{"name":"fetchUpdateTask","decl":{"start":{"line":108,"column":10},"end":{"line":108,"column":25}},"loc":{"start":{"line":108,"column":34},"end":{"line":119,"column":1}},"line":108},"16":{"name":"fetchChangeSearch","decl":{"start":{"line":121,"column":17},"end":{"line":121,"column":34}},"loc":{"start":{"line":121,"column":43},"end":{"line":129,"column":1}},"line":121},"17":{"name":"(anonymous_17)","decl":{"start":{"line":126,"column":42},"end":{"line":126,"column":43}},"loc":{"start":{"line":126,"column":47},"end":{"line":126,"column":89}},"line":126},"18":{"name":"addNewTask","decl":{"start":{"line":131,"column":10},"end":{"line":131,"column":20}},"loc":{"start":{"line":131,"column":29},"end":{"line":135,"column":1}},"line":131},"19":{"name":"fetchDeleteList","decl":{"start":{"line":137,"column":10},"end":{"line":137,"column":25}},"loc":{"start":{"line":137,"column":34},"end":{"line":139,"column":1}},"line":137},"20":{"name":"fetchDeleteTask","decl":{"start":{"line":141,"column":10},"end":{"line":141,"column":25}},"loc":{"start":{"line":141,"column":34},"end":{"line":146,"column":1}},"line":141},"21":{"name":"fetchUpdateCheckbox","decl":{"start":{"line":148,"column":10},"end":{"line":148,"column":29}},"loc":{"start":{"line":148,"column":38},"end":{"line":157,"column":1}},"line":148},"22":{"name":"saga","decl":{"start":{"line":159,"column":17},"end":{"line":159,"column":21}},"loc":{"start":{"line":159,"column":24},"end":{"line":168,"column":1}},"line":159}},"branchMap":{"0":{"loc":{"start":{"line":65,"column":46},"end":{"line":68,"column":21}},"type":"cond-expr","locations":[{"start":{"line":66,"column":18},"end":{"line":68,"column":17}},{"start":{"line":68,"column":20},"end":{"line":68,"column":21}}],"line":65},"1":{"loc":{"start":{"line":76,"column":46},"end":{"line":79,"column":21}},"type":"cond-expr","locations":[{"start":{"line":77,"column":18},"end":{"line":79,"column":17}},{"start":{"line":79,"column":20},"end":{"line":79,"column":21}}],"line":76},"2":{"loc":{"start":{"line":92,"column":4},"end":{"line":99,"column":52}},"type":"cond-expr","locations":[{"start":{"line":92,"column":40},"end":{"line":92,"column":83}},{"start":{"line":93,"column":8},"end":{"line":99,"column":52}}],"line":92},"3":{"loc":{"start":{"line":92,"column":5},"end":{"line":92,"column":36}},"type":"binary-expr","locations":[{"start":{"line":92,"column":5},"end":{"line":92,"column":17}},{"start":{"line":92,"column":21},"end":{"line":92,"column":36}}],"line":92},"4":{"loc":{"start":{"line":93,"column":8},"end":{"line":99,"column":52}},"type":"cond-expr","locations":[{"start":{"line":93,"column":23},"end":{"line":96,"column":11}},{"start":{"line":96,"column":14},"end":{"line":99,"column":52}}],"line":93},"5":{"loc":{"start":{"line":96,"column":14},"end":{"line":99,"column":52}},"type":"cond-expr","locations":[{"start":{"line":96,"column":32},"end":{"line":99,"column":11}},{"start":{"line":99,"column":13},"end":{"line":99,"column":52}}],"line":96},"6":{"loc":{"start":{"line":123,"column":23},"end":{"line":127,"column":10}},"type":"cond-expr","locations":[{"start":{"line":123,"column":54},"end":{"line":123,"column":89}},{"start":{"line":124,"column":10},"end":{"line":127,"column":10}}],"line":123}},"s":{"0":1,"1":1,"2":1,"3":1,"4":1,"5":1,"6":1,"7":1,"8":1,"9":1,"10":1,"11":1,"12":1,"13":1,"14":1,"15":1,"16":1,"17":1,"18":0,"19":2,"20":2,"21":2,"22":2,"23":2,"24":2,"25":1,"26":1,"27":0,"28":0,"29":0,"30":0,"31":0,"32":0,"33":0,"34":0,"35":0,"36":0,"37":0,"38":0,"39":0,"40":0,"41":0,"42":0,"43":1,"44":0,"45":0,"46":0,"47":0,"48":0,"49":0,"50":0,"51":0,"52":0,"53":0,"54":0,"55":0,"56":0,"57":0,"58":0,"59":0,"60":0,"61":0,"62":0,"63":0,"64":0,"65":0,"66":0,"67":0},"f":{"0":1,"1":0,"2":2,"3":2,"4":2,"5":2,"6":2,"7":2,"8":1,"9":1,"10":0,"11":0,"12":0,"13":0,"14":0,"15":0,"16":1,"17":0,"18":0,"19":0,"20":0,"21":0,"22":0},"b":{"0":[1,1],"1":[1,1],"2":[0,0],"3":[0,0],"4":[0,0],"5":[0,0],"6":[0,0]},"_coverageSchema":"43e27e138ebf9cfc5966b082cf9a028302ed4184","hash":"a31cd5ed4d0173e9443af9850c98ce860c5730b6"}
,"C:\\Users\\User\\todolistteam\\team\\src\\scenes\\popup\\duck.js": {"path":"C:\\Users\\User\\todolistteam\\team\\src\\scenes\\popup\\duck.js","statementMap":{"0":{"start":{"line":7,"column":28},"end":{"line":7,"column":48}},"1":{"start":{"line":8,"column":27},"end":{"line":8,"column":46}},"2":{"start":{"line":10,"column":23},"end":{"line":13,"column":1}},"3":{"start":{"line":15,"column":21},"end":{"line":18,"column":1}},"4":{"start":{"line":20,"column":23},"end":{"line":24,"column":16}},"5":{"start":{"line":21,"column":40},"end":{"line":21,"column":74}},"6":{"start":{"line":22,"column":39},"end":{"line":22,"column":72}},"7":{"start":{"line":27,"column":18},"end":{"line":27,"column":40}},"8":{"start":{"line":28,"column":16},"end":{"line":28,"column":64}},"9":{"start":{"line":29,"column":28},"end":{"line":29,"column":85}},"10":{"start":{"line":29,"column":50},"end":{"line":29,"column":84}},"11":{"start":{"line":30,"column":18},"end":{"line":30,"column":61}},"12":{"start":{"line":30,"column":39},"end":{"line":30,"column":60}},"13":{"start":{"line":31,"column":4},"end":{"line":31,"column":99}},"14":{"start":{"line":36,"column":4},"end":{"line":36,"column":49}}},"fnMap":{"0":{"name":"(anonymous_0)","decl":{"start":{"line":21,"column":20},"end":{"line":21,"column":21}},"loc":{"start":{"line":21,"column":40},"end":{"line":21,"column":74}},"line":21},"1":{"name":"(anonymous_1)","decl":{"start":{"line":22,"column":19},"end":{"line":22,"column":20}},"loc":{"start":{"line":22,"column":39},"end":{"line":22,"column":72}},"line":22},"2":{"name":"fetchUser","decl":{"start":{"line":26,"column":10},"end":{"line":26,"column":19}},"loc":{"start":{"line":26,"column":28},"end":{"line":32,"column":1}},"line":26},"3":{"name":"(anonymous_3)","decl":{"start":{"line":29,"column":41},"end":{"line":29,"column":42}},"loc":{"start":{"line":29,"column":50},"end":{"line":29,"column":84}},"line":29},"4":{"name":"(anonymous_4)","decl":{"start":{"line":30,"column":34},"end":{"line":30,"column":35}},"loc":{"start":{"line":30,"column":39},"end":{"line":30,"column":60}},"line":30},"5":{"name":"saga","decl":{"start":{"line":35,"column":17},"end":{"line":35,"column":21}},"loc":{"start":{"line":35,"column":24},"end":{"line":37,"column":1}},"line":35}},"branchMap":{"0":{"loc":{"start":{"line":31,"column":4},"end":{"line":31,"column":98}},"type":"cond-expr","locations":[{"start":{"line":31,"column":25},"end":{"line":31,"column":60}},{"start":{"line":31,"column":63},"end":{"line":31,"column":98}}],"line":31}},"s":{"0":1,"1":1,"2":1,"3":1,"4":1,"5":2,"6":2,"7":0,"8":0,"9":0,"10":0,"11":0,"12":0,"13":0,"14":0},"f":{"0":2,"1":2,"2":0,"3":0,"4":0,"5":0},"b":{"0":[0,0]},"_coverageSchema":"43e27e138ebf9cfc5966b082cf9a028302ed4184","hash":"29ba561955c8f89fb9c1d943dcb32e508b4dc0cb"}
}
