{"C:\\Users\\Latii\\projects\\last0204\\src\\duck.js": {"path":"C:\\Users\\Latii\\projects\\last0204\\src\\duck.js","statementMap":{"0":{"start":{"line":6,"column":21},"end":{"line":6,"column":28}},"1":{"start":{"line":9,"column":23},"end":{"line":11,"column":1}},"2":{"start":{"line":14,"column":4},"end":{"line":26,"column":5}},"3":{"start":{"line":15,"column":8},"end":{"line":15,"column":21}},"4":{"start":{"line":17,"column":8},"end":{"line":25,"column":30}},"5":{"start":{"line":18,"column":12},"end":{"line":18,"column":37}},"6":{"start":{"line":19,"column":12},"end":{"line":19,"column":38}},"7":{"start":{"line":20,"column":15},"end":{"line":25,"column":30}},"8":{"start":{"line":21,"column":12},"end":{"line":21,"column":37}},"9":{"start":{"line":22,"column":15},"end":{"line":25,"column":30}},"10":{"start":{"line":23,"column":12},"end":{"line":23,"column":37}},"11":{"start":{"line":24,"column":12},"end":{"line":24,"column":38}},"12":{"start":{"line":25,"column":15},"end":{"line":25,"column":30}},"13":{"start":{"line":30,"column":4},"end":{"line":30,"column":41}}},"fnMap":{"0":{"name":"errorHandler","decl":{"start":{"line":13,"column":17},"end":{"line":13,"column":29}},"loc":{"start":{"line":13,"column":35},"end":{"line":27,"column":1}},"line":13},"1":{"name":"saga","decl":{"start":{"line":29,"column":17},"end":{"line":29,"column":21}},"loc":{"start":{"line":29,"column":24},"end":{"line":31,"column":1}},"line":29}},"branchMap":{"0":{"loc":{"start":{"line":17,"column":8},"end":{"line":25,"column":30}},"type":"if","locations":[{"start":{"line":17,"column":8},"end":{"line":25,"column":30}},{"start":{"line":17,"column":8},"end":{"line":25,"column":30}}],"line":17},"1":{"loc":{"start":{"line":20,"column":15},"end":{"line":25,"column":30}},"type":"if","locations":[{"start":{"line":20,"column":15},"end":{"line":25,"column":30}},{"start":{"line":20,"column":15},"end":{"line":25,"column":30}}],"line":20},"2":{"loc":{"start":{"line":22,"column":15},"end":{"line":25,"column":30}},"type":"if","locations":[{"start":{"line":22,"column":15},"end":{"line":25,"column":30}},{"start":{"line":22,"column":15},"end":{"line":25,"column":30}}],"line":22}},"s":{"0":8,"1":8,"2":0,"3":0,"4":0,"5":0,"6":0,"7":0,"8":0,"9":0,"10":0,"11":0,"12":0,"13":0},"f":{"0":0,"1":0},"b":{"0":[0,0],"1":[0,0],"2":[0,0]},"_coverageSchema":"43e27e138ebf9cfc5966b082cf9a028302ed4184","hash":"492f4f041ea6763901fe0735bbd64e4207615925"}
,"C:\\Users\\Latii\\projects\\last0204\\src\\api\\auth.js": {"path":"C:\\Users\\Latii\\projects\\last0204\\src\\api\\auth.js","statementMap":{"0":{"start":{"line":3,"column":28},"end":{"line":3,"column":80}},"1":{"start":{"line":3,"column":39},"end":{"line":3,"column":80}},"2":{"start":{"line":5,"column":29},"end":{"line":5,"column":80}},"3":{"start":{"line":5,"column":41},"end":{"line":5,"column":80}},"4":{"start":{"line":7,"column":28},"end":{"line":7,"column":65}},"5":{"start":{"line":7,"column":34},"end":{"line":7,"column":65}}},"fnMap":{"0":{"name":"(anonymous_0)","decl":{"start":{"line":3,"column":28},"end":{"line":3,"column":29}},"loc":{"start":{"line":3,"column":39},"end":{"line":3,"column":80}},"line":3},"1":{"name":"(anonymous_1)","decl":{"start":{"line":5,"column":29},"end":{"line":5,"column":30}},"loc":{"start":{"line":5,"column":41},"end":{"line":5,"column":80}},"line":5},"2":{"name":"(anonymous_2)","decl":{"start":{"line":7,"column":28},"end":{"line":7,"column":29}},"loc":{"start":{"line":7,"column":34},"end":{"line":7,"column":65}},"line":7}},"branchMap":{},"s":{"0":1,"1":0,"2":1,"3":0,"4":1,"5":0},"f":{"0":0,"1":0,"2":0},"b":{},"_coverageSchema":"43e27e138ebf9cfc5966b082cf9a028302ed4184","hash":"ea65485d5b6990a5c70ea8b1fcb7313c31d37eb9"}
,"C:\\Users\\Latii\\projects\\last0204\\src\\api\\dashboard.js": {"path":"C:\\Users\\Latii\\projects\\last0204\\src\\api\\dashboard.js","statementMap":{"0":{"start":{"line":3,"column":0},"end":{"line":3,"column":49}},"1":{"start":{"line":5,"column":25},"end":{"line":7,"column":1}},"2":{"start":{"line":6,"column":4},"end":{"line":6,"column":73}},"3":{"start":{"line":9,"column":30},"end":{"line":9,"column":70}},"4":{"start":{"line":9,"column":36},"end":{"line":9,"column":70}},"5":{"start":{"line":11,"column":26},"end":{"line":11,"column":68}},"6":{"start":{"line":11,"column":32},"end":{"line":11,"column":68}},"7":{"start":{"line":13,"column":28},"end":{"line":13,"column":86}},"8":{"start":{"line":13,"column":44},"end":{"line":13,"column":86}},"9":{"start":{"line":15,"column":26},"end":{"line":15,"column":85}},"10":{"start":{"line":15,"column":43},"end":{"line":15,"column":85}},"11":{"start":{"line":17,"column":35},"end":{"line":19,"column":1}},"12":{"start":{"line":18,"column":4},"end":{"line":18,"column":65}}},"fnMap":{"0":{"name":"(anonymous_0)","decl":{"start":{"line":5,"column":25},"end":{"line":5,"column":26}},"loc":{"start":{"line":6,"column":4},"end":{"line":6,"column":73}},"line":6},"1":{"name":"(anonymous_1)","decl":{"start":{"line":9,"column":30},"end":{"line":9,"column":31}},"loc":{"start":{"line":9,"column":36},"end":{"line":9,"column":70}},"line":9},"2":{"name":"(anonymous_2)","decl":{"start":{"line":11,"column":26},"end":{"line":11,"column":27}},"loc":{"start":{"line":11,"column":32},"end":{"line":11,"column":68}},"line":11},"3":{"name":"(anonymous_3)","decl":{"start":{"line":13,"column":28},"end":{"line":13,"column":29}},"loc":{"start":{"line":13,"column":44},"end":{"line":13,"column":86}},"line":13},"4":{"name":"(anonymous_4)","decl":{"start":{"line":15,"column":26},"end":{"line":15,"column":27}},"loc":{"start":{"line":15,"column":43},"end":{"line":15,"column":85}},"line":15},"5":{"name":"(anonymous_5)","decl":{"start":{"line":17,"column":35},"end":{"line":17,"column":36}},"loc":{"start":{"line":18,"column":4},"end":{"line":18,"column":65}},"line":18}},"branchMap":{},"s":{"0":3,"1":3,"2":0,"3":3,"4":0,"5":3,"6":0,"7":3,"8":0,"9":3,"10":0,"11":3,"12":0},"f":{"0":0,"1":0,"2":0,"3":0,"4":0,"5":0},"b":{},"_coverageSchema":"43e27e138ebf9cfc5966b082cf9a028302ed4184","hash":"f4c52201fca12cfa53a5cdb96c297a28346d8a0e"}
,"C:\\Users\\Latii\\projects\\last0204\\src\\api\\list.js": {"path":"C:\\Users\\Latii\\projects\\last0204\\src\\api\\list.js","statementMap":{"0":{"start":{"line":3,"column":19},"end":{"line":3,"column":58}},"1":{"start":{"line":3,"column":25},"end":{"line":3,"column":58}}},"fnMap":{"0":{"name":"(anonymous_0)","decl":{"start":{"line":3,"column":19},"end":{"line":3,"column":20}},"loc":{"start":{"line":3,"column":25},"end":{"line":3,"column":58}},"line":3}},"branchMap":{},"s":{"0":1,"1":0},"f":{"0":0},"b":{},"_coverageSchema":"43e27e138ebf9cfc5966b082cf9a028302ed4184","hash":"68fdfb038483a6a378bc4f02e3aefaa693831f3e"}
,"C:\\Users\\Latii\\projects\\last0204\\src\\api\\task.js": {"path":"C:\\Users\\Latii\\projects\\last0204\\src\\api\\task.js","statementMap":{"0":{"start":{"line":3,"column":23},"end":{"line":3,"column":106}},"1":{"start":{"line":3,"column":48},"end":{"line":3,"column":106}},"2":{"start":{"line":5,"column":26},"end":{"line":5,"column":72}},"3":{"start":{"line":5,"column":36},"end":{"line":5,"column":72}},"4":{"start":{"line":7,"column":26},"end":{"line":7,"column":89}},"5":{"start":{"line":7,"column":47},"end":{"line":7,"column":89}}},"fnMap":{"0":{"name":"(anonymous_0)","decl":{"start":{"line":3,"column":23},"end":{"line":3,"column":24}},"loc":{"start":{"line":3,"column":48},"end":{"line":3,"column":106}},"line":3},"1":{"name":"(anonymous_1)","decl":{"start":{"line":5,"column":26},"end":{"line":5,"column":27}},"loc":{"start":{"line":5,"column":36},"end":{"line":5,"column":72}},"line":5},"2":{"name":"(anonymous_2)","decl":{"start":{"line":7,"column":26},"end":{"line":7,"column":27}},"loc":{"start":{"line":7,"column":47},"end":{"line":7,"column":89}},"line":7}},"branchMap":{},"s":{"0":3,"1":0,"2":3,"3":0,"4":3,"5":0},"f":{"0":0,"1":0,"2":0},"b":{},"_coverageSchema":"43e27e138ebf9cfc5966b082cf9a028302ed4184","hash":"bad80b8c6de3693e3ca9e4c7eaa9774be47504a1"}
,"C:\\Users\\Latii\\projects\\last0204\\src\\api\\userController.js": {"path":"C:\\Users\\Latii\\projects\\last0204\\src\\api\\userController.js","statementMap":{"0":{"start":{"line":3,"column":0},"end":{"line":3,"column":49}},"1":{"start":{"line":5,"column":30},"end":{"line":5,"column":62}},"2":{"start":{"line":5,"column":36},"end":{"line":5,"column":62}},"3":{"start":{"line":7,"column":29},"end":{"line":7,"column":75}},"4":{"start":{"line":7,"column":35},"end":{"line":7,"column":75}},"5":{"start":{"line":9,"column":36},"end":{"line":9,"column":99}},"6":{"start":{"line":9,"column":48},"end":{"line":9,"column":99}},"7":{"start":{"line":11,"column":28},"end":{"line":11,"column":67}},"8":{"start":{"line":11,"column":34},"end":{"line":11,"column":67}},"9":{"start":{"line":13,"column":26},"end":{"line":13,"column":94}},"10":{"start":{"line":13,"column":38},"end":{"line":13,"column":94}},"11":{"start":{"line":15,"column":27},"end":{"line":15,"column":82}},"12":{"start":{"line":15,"column":38},"end":{"line":15,"column":82}}},"fnMap":{"0":{"name":"(anonymous_0)","decl":{"start":{"line":5,"column":30},"end":{"line":5,"column":31}},"loc":{"start":{"line":5,"column":36},"end":{"line":5,"column":62}},"line":5},"1":{"name":"(anonymous_1)","decl":{"start":{"line":7,"column":29},"end":{"line":7,"column":30}},"loc":{"start":{"line":7,"column":35},"end":{"line":7,"column":75}},"line":7},"2":{"name":"(anonymous_2)","decl":{"start":{"line":9,"column":36},"end":{"line":9,"column":37}},"loc":{"start":{"line":9,"column":48},"end":{"line":9,"column":99}},"line":9},"3":{"name":"(anonymous_3)","decl":{"start":{"line":11,"column":28},"end":{"line":11,"column":29}},"loc":{"start":{"line":11,"column":34},"end":{"line":11,"column":67}},"line":11},"4":{"name":"(anonymous_4)","decl":{"start":{"line":13,"column":26},"end":{"line":13,"column":27}},"loc":{"start":{"line":13,"column":38},"end":{"line":13,"column":94}},"line":13},"5":{"name":"(anonymous_5)","decl":{"start":{"line":15,"column":27},"end":{"line":15,"column":28}},"loc":{"start":{"line":15,"column":38},"end":{"line":15,"column":82}},"line":15}},"branchMap":{},"s":{"0":4,"1":4,"2":0,"3":4,"4":0,"5":4,"6":0,"7":4,"8":0,"9":4,"10":0,"11":4,"12":0},"f":{"0":0,"1":0,"2":0,"3":0,"4":0,"5":0},"b":{},"_coverageSchema":"43e27e138ebf9cfc5966b082cf9a028302ed4184","hash":"ac3375d2f1b69cd691a9177c8f17b138698712d3"}
,"C:\\Users\\Latii\\projects\\last0204\\src\\config\\history.js": {"path":"C:\\Users\\Latii\\projects\\last0204\\src\\config\\history.js","statementMap":{"0":{"start":{"line":3,"column":16},"end":{"line":3,"column":38}}},"fnMap":{},"branchMap":{},"s":{"0":8},"f":{},"b":{},"_coverageSchema":"43e27e138ebf9cfc5966b082cf9a028302ed4184","hash":"218e7642563875ca11de3e13f9c5acf65f67d92f"}
,"C:\\Users\\Latii\\projects\\last0204\\src\\helpers\\saga.js": {"path":"C:\\Users\\Latii\\projects\\last0204\\src\\helpers\\saga.js","statementMap":{"0":{"start":{"line":5,"column":4},"end":{"line":9,"column":7}},"1":{"start":{"line":6,"column":8},"end":{"line":8,"column":11}},"2":{"start":{"line":7,"column":12},"end":{"line":7,"column":33}},"3":{"start":{"line":13,"column":4},"end":{"line":17,"column":7}},"4":{"start":{"line":14,"column":8},"end":{"line":16,"column":11}},"5":{"start":{"line":15,"column":12},"end":{"line":15,"column":33}}},"fnMap":{"0":{"name":"safeTakeLatest","decl":{"start":{"line":4,"column":16},"end":{"line":4,"column":30}},"loc":{"start":{"line":4,"column":45},"end":{"line":10,"column":1}},"line":4},"1":{"name":"handler","decl":{"start":{"line":5,"column":40},"end":{"line":5,"column":47}},"loc":{"start":{"line":5,"column":57},"end":{"line":9,"column":5}},"line":5},"2":{"name":"handler2","decl":{"start":{"line":6,"column":38},"end":{"line":6,"column":46}},"loc":{"start":{"line":6,"column":49},"end":{"line":8,"column":9}},"line":6},"3":{"name":"safeTakeEvery","decl":{"start":{"line":12,"column":16},"end":{"line":12,"column":29}},"loc":{"start":{"line":12,"column":44},"end":{"line":18,"column":1}},"line":12},"4":{"name":"handler","decl":{"start":{"line":13,"column":39},"end":{"line":13,"column":46}},"loc":{"start":{"line":13,"column":56},"end":{"line":17,"column":5}},"line":13},"5":{"name":"handler2","decl":{"start":{"line":14,"column":38},"end":{"line":14,"column":46}},"loc":{"start":{"line":14,"column":49},"end":{"line":16,"column":9}},"line":14}},"branchMap":{},"s":{"0":0,"1":0,"2":0,"3":0,"4":0,"5":0},"f":{"0":0,"1":0,"2":0,"3":0,"4":0,"5":0},"b":{},"_coverageSchema":"43e27e138ebf9cfc5966b082cf9a028302ed4184","hash":"4defcf0c81def13c6467fcdac731e1a65d3e9fa3"}
,"C:\\Users\\Latii\\projects\\last0204\\src\\scenes\\account\\authorization\\duck.js": {"path":"C:\\Users\\Latii\\projects\\last0204\\src\\scenes\\account\\authorization\\duck.js","statementMap":{"0":{"start":{"line":11,"column":21},"end":{"line":11,"column":28}},"1":{"start":{"line":12,"column":29},"end":{"line":12,"column":44}},"2":{"start":{"line":13,"column":22},"end":{"line":13,"column":30}},"3":{"start":{"line":14,"column":29},"end":{"line":14,"column":44}},"4":{"start":{"line":15,"column":37},"end":{"line":15,"column":60}},"5":{"start":{"line":17,"column":23},"end":{"line":23,"column":1}},"6":{"start":{"line":25,"column":21},"end":{"line":28,"column":1}},"7":{"start":{"line":30,"column":23},"end":{"line":37,"column":16}},"8":{"start":{"line":31,"column":41},"end":{"line":35,"column":5}},"9":{"start":{"line":36,"column":49},"end":{"line":36,"column":84}},"10":{"start":{"line":40,"column":4},"end":{"line":40,"column":68}},"11":{"start":{"line":44,"column":18},"end":{"line":44,"column":62}},"12":{"start":{"line":45,"column":4},"end":{"line":48,"column":8}},"13":{"start":{"line":49,"column":4},"end":{"line":49,"column":59}},"14":{"start":{"line":50,"column":4},"end":{"line":50,"column":30}},"15":{"start":{"line":54,"column":39},"end":{"line":54,"column":46}},"16":{"start":{"line":55,"column":4},"end":{"line":63,"column":5}},"17":{"start":{"line":58,"column":8},"end":{"line":58,"column":27}},"18":{"start":{"line":59,"column":42},"end":{"line":59,"column":66}},"19":{"start":{"line":60,"column":8},"end":{"line":60,"column":52}},"20":{"start":{"line":61,"column":8},"end":{"line":61,"column":42}},"21":{"start":{"line":62,"column":8},"end":{"line":62,"column":60}},"22":{"start":{"line":67,"column":22},"end":{"line":67,"column":55}},"23":{"start":{"line":67,"column":44},"end":{"line":67,"column":54}},"24":{"start":{"line":68,"column":4},"end":{"line":68,"column":42}},"25":{"start":{"line":69,"column":4},"end":{"line":69,"column":36}},"26":{"start":{"line":73,"column":4},"end":{"line":81,"column":6}},"27":{"start":{"line":85,"column":4},"end":{"line":85,"column":46}},"28":{"start":{"line":86,"column":4},"end":{"line":86,"column":62}},"29":{"start":{"line":87,"column":4},"end":{"line":87,"column":40}},"30":{"start":{"line":88,"column":4},"end":{"line":88,"column":60}}},"fnMap":{"0":{"name":"(anonymous_0)","decl":{"start":{"line":31,"column":21},"end":{"line":31,"column":22}},"loc":{"start":{"line":31,"column":41},"end":{"line":35,"column":5}},"line":31},"1":{"name":"(anonymous_1)","decl":{"start":{"line":36,"column":29},"end":{"line":36,"column":30}},"loc":{"start":{"line":36,"column":49},"end":{"line":36,"column":84}},"line":36},"2":{"name":"setDefaultApiToken","decl":{"start":{"line":39,"column":9},"end":{"line":39,"column":27}},"loc":{"start":{"line":39,"column":35},"end":{"line":41,"column":1}},"line":39},"3":{"name":"authorization","decl":{"start":{"line":43,"column":17},"end":{"line":43,"column":30}},"loc":{"start":{"line":43,"column":39},"end":{"line":51,"column":1}},"line":43},"4":{"name":"refreshTokenProcess","decl":{"start":{"line":53,"column":10},"end":{"line":53,"column":29}},"loc":{"start":{"line":53,"column":32},"end":{"line":64,"column":1}},"line":53},"5":{"name":"rehydrateSaga","decl":{"start":{"line":66,"column":10},"end":{"line":66,"column":23}},"loc":{"start":{"line":66,"column":26},"end":{"line":70,"column":1}},"line":66},"6":{"name":"(anonymous_6)","decl":{"start":{"line":67,"column":35},"end":{"line":67,"column":36}},"loc":{"start":{"line":67,"column":44},"end":{"line":67,"column":54}},"line":67},"7":{"name":"logout","decl":{"start":{"line":72,"column":10},"end":{"line":72,"column":16}},"loc":{"start":{"line":72,"column":19},"end":{"line":82,"column":1}},"line":72},"8":{"name":"saga","decl":{"start":{"line":84,"column":17},"end":{"line":84,"column":21}},"loc":{"start":{"line":84,"column":24},"end":{"line":89,"column":1}},"line":84}},"branchMap":{"0":{"loc":{"start":{"line":55,"column":4},"end":{"line":63,"column":5}},"type":"if","locations":[{"start":{"line":55,"column":4},"end":{"line":63,"column":5}},{"start":{"line":55,"column":4},"end":{"line":63,"column":5}}],"line":55},"1":{"loc":{"start":{"line":55,"column":8},"end":{"line":55,"column":51}},"type":"binary-expr","locations":[{"start":{"line":55,"column":8},"end":{"line":55,"column":27}},{"start":{"line":55,"column":31},"end":{"line":55,"column":51}}],"line":55},"2":{"loc":{"start":{"line":73,"column":4},"end":{"line":81,"column":5}},"type":"binary-expr","locations":[{"start":{"line":73,"column":5},"end":{"line":73,"column":42}},{"start":{"line":73,"column":46},"end":{"line":73,"column":82}},{"start":{"line":74,"column":7},"end":{"line":74,"column":40}},{"start":{"line":75,"column":8},"end":{"line":81,"column":4}}],"line":73}},"s":{"0":1,"1":1,"2":1,"3":1,"4":1,"5":1,"6":1,"7":1,"8":2,"9":1,"10":0,"11":0,"12":0,"13":0,"14":0,"15":0,"16":0,"17":0,"18":0,"19":0,"20":0,"21":0,"22":0,"23":0,"24":0,"25":0,"26":0,"27":0,"28":0,"29":0,"30":0},"f":{"0":2,"1":1,"2":0,"3":0,"4":0,"5":0,"6":0,"7":0,"8":0},"b":{"0":[0,0],"1":[0,0],"2":[0,0,0,0]},"_coverageSchema":"43e27e138ebf9cfc5966b082cf9a028302ed4184","hash":"920a3ed1a79aff87d8c08a01f55ff9e1b8a8d4ac"}
,"C:\\Users\\Latii\\projects\\last0204\\src\\scenes\\container\\settings\\followUser\\duck.js": {"path":"C:\\Users\\Latii\\projects\\last0204\\src\\scenes\\container\\settings\\followUser\\duck.js","statementMap":{"0":{"start":{"line":7,"column":22},"end":{"line":7,"column":48}},"1":{"start":{"line":8,"column":27},"end":{"line":8,"column":66}},"2":{"start":{"line":9,"column":35},"end":{"line":9,"column":66}},"3":{"start":{"line":10,"column":22},"end":{"line":10,"column":48}},"4":{"start":{"line":11,"column":30},"end":{"line":11,"column":64}},"5":{"start":{"line":12,"column":27},"end":{"line":12,"column":58}},"6":{"start":{"line":13,"column":47},"end":{"line":13,"column":98}},"7":{"start":{"line":15,"column":23},"end":{"line":23,"column":1}},"8":{"start":{"line":25,"column":21},"end":{"line":30,"column":1}},"9":{"start":{"line":32,"column":23},"end":{"line":37,"column":16}},"10":{"start":{"line":33,"column":34},"end":{"line":33,"column":70}},"11":{"start":{"line":34,"column":47},"end":{"line":34,"column":90}},"12":{"start":{"line":35,"column":42},"end":{"line":35,"column":82}},"13":{"start":{"line":36,"column":59},"end":{"line":36,"column":96}},"14":{"start":{"line":40,"column":16},"end":{"line":40,"column":53}},"15":{"start":{"line":41,"column":4},"end":{"line":41,"column":51}},"16":{"start":{"line":45,"column":4},"end":{"line":52,"column":5}},"17":{"start":{"line":46,"column":20},"end":{"line":46,"column":61}},"18":{"start":{"line":47,"column":8},"end":{"line":47,"column":73}},"19":{"start":{"line":49,"column":8},"end":{"line":49,"column":117}},"20":{"start":{"line":50,"column":8},"end":{"line":51,"column":53}},"21":{"start":{"line":56,"column":38},"end":{"line":56,"column":77}},"22":{"start":{"line":56,"column":60},"end":{"line":56,"column":76}},"23":{"start":{"line":57,"column":28},"end":{"line":57,"column":85}},"24":{"start":{"line":57,"column":50},"end":{"line":57,"column":84}},"25":{"start":{"line":58,"column":24},"end":{"line":58,"column":72}},"26":{"start":{"line":58,"column":50},"end":{"line":58,"column":71}},"27":{"start":{"line":59,"column":4},"end":{"line":59,"column":50}},"28":{"start":{"line":60,"column":16},"end":{"line":60,"column":63}},"29":{"start":{"line":60,"column":40},"end":{"line":60,"column":62}},"30":{"start":{"line":61,"column":4},"end":{"line":61,"column":42}},"31":{"start":{"line":65,"column":4},"end":{"line":65,"column":54}},"32":{"start":{"line":66,"column":4},"end":{"line":66,"column":63}},"33":{"start":{"line":67,"column":4},"end":{"line":67,"column":50}}},"fnMap":{"0":{"name":"(anonymous_0)","decl":{"start":{"line":33,"column":14},"end":{"line":33,"column":15}},"loc":{"start":{"line":33,"column":34},"end":{"line":33,"column":70}},"line":33},"1":{"name":"(anonymous_1)","decl":{"start":{"line":34,"column":27},"end":{"line":34,"column":28}},"loc":{"start":{"line":34,"column":47},"end":{"line":34,"column":90}},"line":34},"2":{"name":"(anonymous_2)","decl":{"start":{"line":35,"column":22},"end":{"line":35,"column":23}},"loc":{"start":{"line":35,"column":42},"end":{"line":35,"column":82}},"line":35},"3":{"name":"(anonymous_3)","decl":{"start":{"line":36,"column":39},"end":{"line":36,"column":40}},"loc":{"start":{"line":36,"column":59},"end":{"line":36,"column":96}},"line":36},"4":{"name":"fetchUsersNames","decl":{"start":{"line":39,"column":10},"end":{"line":39,"column":25}},"loc":{"start":{"line":39,"column":28},"end":{"line":42,"column":1}},"line":39},"5":{"name":"followUsers","decl":{"start":{"line":44,"column":10},"end":{"line":44,"column":21}},"loc":{"start":{"line":44,"column":30},"end":{"line":53,"column":1}},"line":44},"6":{"name":"mutate","decl":{"start":{"line":55,"column":10},"end":{"line":55,"column":16}},"loc":{"start":{"line":55,"column":19},"end":{"line":62,"column":1}},"line":55},"7":{"name":"(anonymous_7)","decl":{"start":{"line":56,"column":51},"end":{"line":56,"column":52}},"loc":{"start":{"line":56,"column":60},"end":{"line":56,"column":76}},"line":56},"8":{"name":"(anonymous_8)","decl":{"start":{"line":57,"column":41},"end":{"line":57,"column":42}},"loc":{"start":{"line":57,"column":50},"end":{"line":57,"column":84}},"line":57},"9":{"name":"(anonymous_9)","decl":{"start":{"line":58,"column":45},"end":{"line":58,"column":46}},"loc":{"start":{"line":58,"column":50},"end":{"line":58,"column":71}},"line":58},"10":{"name":"(anonymous_10)","decl":{"start":{"line":60,"column":35},"end":{"line":60,"column":36}},"loc":{"start":{"line":60,"column":40},"end":{"line":60,"column":62}},"line":60},"11":{"name":"saga","decl":{"start":{"line":64,"column":17},"end":{"line":64,"column":21}},"loc":{"start":{"line":64,"column":24},"end":{"line":68,"column":1}},"line":64}},"branchMap":{"0":{"loc":{"start":{"line":49,"column":8},"end":{"line":49,"column":116}},"type":"binary-expr","locations":[{"start":{"line":49,"column":8},"end":{"line":49,"column":33}},{"start":{"line":49,"column":38},"end":{"line":49,"column":115}}],"line":49},"1":{"loc":{"start":{"line":50,"column":8},"end":{"line":51,"column":52}},"type":"binary-expr","locations":[{"start":{"line":50,"column":8},"end":{"line":50,"column":33}},{"start":{"line":50,"column":38},"end":{"line":51,"column":51}}],"line":50}},"s":{"0":1,"1":1,"2":1,"3":1,"4":1,"5":1,"6":1,"7":1,"8":1,"9":1,"10":1,"11":1,"12":1,"13":1,"14":0,"15":0,"16":0,"17":0,"18":0,"19":0,"20":0,"21":0,"22":0,"23":0,"24":0,"25":0,"26":0,"27":0,"28":0,"29":0,"30":0,"31":0,"32":0,"33":0},"f":{"0":1,"1":1,"2":1,"3":1,"4":0,"5":0,"6":0,"7":0,"8":0,"9":0,"10":0,"11":0},"b":{"0":[0,0],"1":[0,0]},"_coverageSchema":"43e27e138ebf9cfc5966b082cf9a028302ed4184","hash":"089ad2b4d59fb48ba01b7381a03bb18878ee1141"}
,"C:\\Users\\Latii\\projects\\last0204\\src\\scenes\\container\\settings\\profile\\duck.js": {"path":"C:\\Users\\Latii\\projects\\last0204\\src\\scenes\\container\\settings\\profile\\duck.js","statementMap":{"0":{"start":{"line":11,"column":34},"end":{"line":11,"column":63}},"1":{"start":{"line":12,"column":42},"end":{"line":12,"column":79}},"2":{"start":{"line":13,"column":28},"end":{"line":13,"column":51}},"3":{"start":{"line":14,"column":30},"end":{"line":14,"column":55}},"4":{"start":{"line":16,"column":23},"end":{"line":21,"column":1}},"5":{"start":{"line":23,"column":21},"end":{"line":25,"column":1}},"6":{"start":{"line":27,"column":23},"end":{"line":29,"column":16}},"7":{"start":{"line":28,"column":54},"end":{"line":28,"column":95}},"8":{"start":{"line":32,"column":39},"end":{"line":32,"column":46}},"9":{"start":{"line":33,"column":4},"end":{"line":38,"column":5}},"10":{"start":{"line":36,"column":20},"end":{"line":36,"column":46}},"11":{"start":{"line":37,"column":8},"end":{"line":37,"column":61}},"12":{"start":{"line":42,"column":4},"end":{"line":42,"column":47}},"13":{"start":{"line":43,"column":4},"end":{"line":43,"column":26}},"14":{"start":{"line":47,"column":4},"end":{"line":47,"column":35}},"15":{"start":{"line":48,"column":4},"end":{"line":48,"column":33}},"16":{"start":{"line":49,"column":4},"end":{"line":49,"column":26}},"17":{"start":{"line":53,"column":4},"end":{"line":53,"column":55}},"18":{"start":{"line":54,"column":4},"end":{"line":54,"column":52}},"19":{"start":{"line":55,"column":4},"end":{"line":55,"column":56}}},"fnMap":{"0":{"name":"(anonymous_0)","decl":{"start":{"line":28,"column":34},"end":{"line":28,"column":35}},"loc":{"start":{"line":28,"column":54},"end":{"line":28,"column":95}},"line":28},"1":{"name":"fetchUser","decl":{"start":{"line":31,"column":17},"end":{"line":31,"column":26}},"loc":{"start":{"line":31,"column":29},"end":{"line":39,"column":1}},"line":31},"2":{"name":"editProfile","decl":{"start":{"line":41,"column":17},"end":{"line":41,"column":28}},"loc":{"start":{"line":41,"column":37},"end":{"line":44,"column":1}},"line":41},"3":{"name":"deleteProfile","decl":{"start":{"line":46,"column":10},"end":{"line":46,"column":23}},"loc":{"start":{"line":46,"column":26},"end":{"line":50,"column":1}},"line":46},"4":{"name":"saga","decl":{"start":{"line":52,"column":17},"end":{"line":52,"column":21}},"loc":{"start":{"line":52,"column":24},"end":{"line":56,"column":1}},"line":52}},"branchMap":{"0":{"loc":{"start":{"line":33,"column":4},"end":{"line":38,"column":5}},"type":"if","locations":[{"start":{"line":33,"column":4},"end":{"line":38,"column":5}},{"start":{"line":33,"column":4},"end":{"line":38,"column":5}}],"line":33},"1":{"loc":{"start":{"line":33,"column":8},"end":{"line":33,"column":51}},"type":"binary-expr","locations":[{"start":{"line":33,"column":8},"end":{"line":33,"column":27}},{"start":{"line":33,"column":31},"end":{"line":33,"column":51}}],"line":33}},"s":{"0":1,"1":1,"2":1,"3":1,"4":1,"5":1,"6":1,"7":2,"8":1,"9":1,"10":1,"11":1,"12":1,"13":1,"14":0,"15":0,"16":0,"17":0,"18":0,"19":0},"f":{"0":2,"1":1,"2":1,"3":0,"4":0},"b":{"0":[0,1],"1":[1,1]},"_coverageSchema":"43e27e138ebf9cfc5966b082cf9a028302ed4184","hash":"ac0de564e2547088f4626cfdd993b008be9d9e93"}
,"C:\\Users\\Latii\\projects\\last0204\\src\\scenes\\container\\settings\\subscribes\\duck.js": {"path":"C:\\Users\\Latii\\projects\\last0204\\src\\scenes\\container\\settings\\subscribes\\duck.js","statementMap":{"0":{"start":{"line":6,"column":34},"end":{"line":6,"column":71}},"1":{"start":{"line":7,"column":22},"end":{"line":7,"column":47}},"2":{"start":{"line":8,"column":30},"end":{"line":8,"column":56}},"3":{"start":{"line":9,"column":33},"end":{"line":9,"column":69}},"4":{"start":{"line":10,"column":41},"end":{"line":10,"column":85}},"5":{"start":{"line":12,"column":23},"end":{"line":18,"column":1}},"6":{"start":{"line":20,"column":21},"end":{"line":24,"column":1}},"7":{"start":{"line":26,"column":23},"end":{"line":30,"column":16}},"8":{"start":{"line":27,"column":46},"end":{"line":27,"column":82}},"9":{"start":{"line":28,"column":42},"end":{"line":28,"column":83}},"10":{"start":{"line":29,"column":53},"end":{"line":29,"column":92}},"11":{"start":{"line":33,"column":34},"end":{"line":33,"column":72}},"12":{"start":{"line":33,"column":56},"end":{"line":33,"column":71}},"13":{"start":{"line":34,"column":16},"end":{"line":36,"column":6}},"14":{"start":{"line":34,"column":41},"end":{"line":36,"column":5}},"15":{"start":{"line":37,"column":4},"end":{"line":37,"column":42}},"16":{"start":{"line":41,"column":16},"end":{"line":41,"column":40}},"17":{"start":{"line":42,"column":4},"end":{"line":42,"column":57}},"18":{"start":{"line":46,"column":4},"end":{"line":46,"column":59}},"19":{"start":{"line":47,"column":4},"end":{"line":47,"column":81}}},"fnMap":{"0":{"name":"(anonymous_0)","decl":{"start":{"line":27,"column":26},"end":{"line":27,"column":27}},"loc":{"start":{"line":27,"column":46},"end":{"line":27,"column":82}},"line":27},"1":{"name":"(anonymous_1)","decl":{"start":{"line":28,"column":22},"end":{"line":28,"column":23}},"loc":{"start":{"line":28,"column":42},"end":{"line":28,"column":83}},"line":28},"2":{"name":"(anonymous_2)","decl":{"start":{"line":29,"column":33},"end":{"line":29,"column":34}},"loc":{"start":{"line":29,"column":53},"end":{"line":29,"column":92}},"line":29},"3":{"name":"mutate","decl":{"start":{"line":32,"column":10},"end":{"line":32,"column":16}},"loc":{"start":{"line":32,"column":19},"end":{"line":38,"column":1}},"line":32},"4":{"name":"(anonymous_4)","decl":{"start":{"line":33,"column":47},"end":{"line":33,"column":48}},"loc":{"start":{"line":33,"column":56},"end":{"line":33,"column":71}},"line":33},"5":{"name":"(anonymous_5)","decl":{"start":{"line":34,"column":33},"end":{"line":34,"column":34}},"loc":{"start":{"line":34,"column":41},"end":{"line":36,"column":5}},"line":34},"6":{"name":"getSubscribers","decl":{"start":{"line":40,"column":10},"end":{"line":40,"column":24}},"loc":{"start":{"line":40,"column":27},"end":{"line":43,"column":1}},"line":40},"7":{"name":"saga","decl":{"start":{"line":45,"column":17},"end":{"line":45,"column":21}},"loc":{"start":{"line":45,"column":24},"end":{"line":48,"column":1}},"line":45}},"branchMap":{},"s":{"0":1,"1":1,"2":1,"3":1,"4":1,"5":1,"6":1,"7":1,"8":2,"9":2,"10":2,"11":0,"12":0,"13":0,"14":0,"15":0,"16":0,"17":0,"18":0,"19":0},"f":{"0":2,"1":2,"2":2,"3":0,"4":0,"5":0,"6":0,"7":0},"b":{},"_coverageSchema":"43e27e138ebf9cfc5966b082cf9a028302ed4184","hash":"e8c4cbbeba1874acfe90f48c55bf31c0252c2212"}
,"C:\\Users\\Latii\\projects\\last0204\\src\\scenes\\dashboard\\duck.js": {"path":"C:\\Users\\Latii\\projects\\last0204\\src\\scenes\\dashboard\\duck.js","statementMap":{"0":{"start":{"line":20,"column":31},"end":{"line":20,"column":58}},"1":{"start":{"line":21,"column":39},"end":{"line":21,"column":74}},"2":{"start":{"line":23,"column":38},"end":{"line":23,"column":72}},"3":{"start":{"line":24,"column":42},"end":{"line":24,"column":80}},"4":{"start":{"line":26,"column":33},"end":{"line":26,"column":62}},"5":{"start":{"line":27,"column":37},"end":{"line":27,"column":70}},"6":{"start":{"line":29,"column":29},"end":{"line":29,"column":54}},"7":{"start":{"line":30,"column":32},"end":{"line":30,"column":60}},"8":{"start":{"line":31,"column":38},"end":{"line":31,"column":72}},"9":{"start":{"line":32,"column":46},"end":{"line":32,"column":88}},"10":{"start":{"line":34,"column":24},"end":{"line":34,"column":34}},"11":{"start":{"line":35,"column":31},"end":{"line":35,"column":48}},"12":{"start":{"line":36,"column":32},"end":{"line":36,"column":50}},"13":{"start":{"line":37,"column":40},"end":{"line":37,"column":66}},"14":{"start":{"line":38,"column":27},"end":{"line":38,"column":40}},"15":{"start":{"line":40,"column":22},"end":{"line":40,"column":40}},"16":{"start":{"line":41,"column":22},"end":{"line":41,"column":40}},"17":{"start":{"line":42,"column":30},"end":{"line":42,"column":56}},"18":{"start":{"line":44,"column":26},"end":{"line":44,"column":48}},"19":{"start":{"line":45,"column":27},"end":{"line":45,"column":50}},"20":{"start":{"line":46,"column":27},"end":{"line":46,"column":50}},"21":{"start":{"line":48,"column":33},"end":{"line":48,"column":52}},"22":{"start":{"line":50,"column":23},"end":{"line":73,"column":1}},"23":{"start":{"line":76,"column":21},"end":{"line":88,"column":1}},"24":{"start":{"line":90,"column":23},"end":{"line":133,"column":16}},"25":{"start":{"line":91,"column":39},"end":{"line":91,"column":91}},"26":{"start":{"line":92,"column":39},"end":{"line":92,"column":71}},"27":{"start":{"line":93,"column":51},"end":{"line":93,"column":91}},"28":{"start":{"line":94,"column":42},"end":{"line":94,"column":79}},"29":{"start":{"line":95,"column":50},"end":{"line":100,"column":5}},"30":{"start":{"line":101,"column":54},"end":{"line":101,"column":92}},"31":{"start":{"line":103,"column":50},"end":{"line":107,"column":5}},"32":{"start":{"line":105,"column":51},"end":{"line":106,"column":63}},"33":{"start":{"line":108,"column":43},"end":{"line":117,"column":5}},"34":{"start":{"line":111,"column":12},"end":{"line":115,"column":17}},"35":{"start":{"line":113,"column":41},"end":{"line":114,"column":70}},"36":{"start":{"line":118,"column":44},"end":{"line":127,"column":5}},"37":{"start":{"line":121,"column":12},"end":{"line":125,"column":17}},"38":{"start":{"line":123,"column":41},"end":{"line":124,"column":66}},"39":{"start":{"line":129,"column":45},"end":{"line":129,"column":83}},"40":{"start":{"line":130,"column":49},"end":{"line":130,"column":91}},"41":{"start":{"line":131,"column":34},"end":{"line":131,"column":68}},"42":{"start":{"line":132,"column":45},"end":{"line":132,"column":84}},"43":{"start":{"line":135,"column":28},"end":{"line":135,"column":52}},"44":{"start":{"line":135,"column":37},"end":{"line":135,"column":52}},"45":{"start":{"line":139,"column":8},"end":{"line":139,"column":34}},"46":{"start":{"line":141,"column":4},"end":{"line":168,"column":5}},"47":{"start":{"line":143,"column":12},"end":{"line":143,"column":33}},"48":{"start":{"line":144,"column":12},"end":{"line":144,"column":18}},"49":{"start":{"line":146,"column":12},"end":{"line":146,"column":34}},"50":{"start":{"line":147,"column":12},"end":{"line":147,"column":18}},"51":{"start":{"line":149,"column":12},"end":{"line":149,"column":43}},"52":{"start":{"line":150,"column":12},"end":{"line":150,"column":18}},"53":{"start":{"line":152,"column":12},"end":{"line":152,"column":44}},"54":{"start":{"line":153,"column":12},"end":{"line":153,"column":18}},"55":{"start":{"line":155,"column":12},"end":{"line":155,"column":42}},"56":{"start":{"line":156,"column":12},"end":{"line":156,"column":18}},"57":{"start":{"line":158,"column":12},"end":{"line":158,"column":43}},"58":{"start":{"line":159,"column":12},"end":{"line":159,"column":18}},"59":{"start":{"line":161,"column":12},"end":{"line":161,"column":43}},"60":{"start":{"line":162,"column":12},"end":{"line":162,"column":18}},"61":{"start":{"line":164,"column":12},"end":{"line":164,"column":44}},"62":{"start":{"line":165,"column":12},"end":{"line":165,"column":18}},"63":{"start":{"line":167,"column":12},"end":{"line":167,"column":33}},"64":{"start":{"line":169,"column":17},"end":{"line":170,"column":77}},"65":{"start":{"line":171,"column":26},"end":{"line":171,"column":44}},"66":{"start":{"line":172,"column":20},"end":{"line":172,"column":50}},"67":{"start":{"line":173,"column":23},"end":{"line":173,"column":38}},"68":{"start":{"line":174,"column":4},"end":{"line":174,"column":83}},"69":{"start":{"line":175,"column":24},"end":{"line":175,"column":112}},"70":{"start":{"line":175,"column":85},"end":{"line":175,"column":105}},"71":{"start":{"line":176,"column":4},"end":{"line":176,"column":60}},"72":{"start":{"line":177,"column":20},"end":{"line":177,"column":47}},"73":{"start":{"line":178,"column":4},"end":{"line":178,"column":54}},"74":{"start":{"line":181,"column":36},"end":{"line":181,"column":102}},"75":{"start":{"line":181,"column":42},"end":{"line":181,"column":102}},"76":{"start":{"line":181,"column":51},"end":{"line":181,"column":102}},"77":{"start":{"line":181,"column":90},"end":{"line":181,"column":101}},"78":{"start":{"line":183,"column":42},"end":{"line":183,"column":48}},"79":{"start":{"line":184,"column":17},"end":{"line":184,"column":55}},"80":{"start":{"line":185,"column":4},"end":{"line":185,"column":22}},"81":{"start":{"line":186,"column":24},"end":{"line":186,"column":72}},"82":{"start":{"line":187,"column":4},"end":{"line":187,"column":44}},"83":{"start":{"line":188,"column":4},"end":{"line":188,"column":30}},"84":{"start":{"line":192,"column":37},"end":{"line":192,"column":63}},"85":{"start":{"line":193,"column":20},"end":{"line":193,"column":111}},"86":{"start":{"line":193,"column":48},"end":{"line":193,"column":110}},"87":{"start":{"line":194,"column":4},"end":{"line":194,"column":55}},"88":{"start":{"line":199,"column":4},"end":{"line":199,"column":21}},"89":{"start":{"line":200,"column":4},"end":{"line":203,"column":7}},"90":{"start":{"line":204,"column":4},"end":{"line":204,"column":30}},"91":{"start":{"line":209,"column":59},"end":{"line":209,"column":65}},"92":{"start":{"line":210,"column":4},"end":{"line":213,"column":7}},"93":{"start":{"line":214,"column":4},"end":{"line":214,"column":30}},"94":{"start":{"line":219,"column":4},"end":{"line":219,"column":46}},"95":{"start":{"line":220,"column":4},"end":{"line":220,"column":30}},"96":{"start":{"line":225,"column":4},"end":{"line":225,"column":53}},"97":{"start":{"line":226,"column":4},"end":{"line":226,"column":30}},"98":{"start":{"line":231,"column":4},"end":{"line":231,"column":104}},"99":{"start":{"line":232,"column":4},"end":{"line":232,"column":30}},"100":{"start":{"line":237,"column":4},"end":{"line":237,"column":45}},"101":{"start":{"line":238,"column":4},"end":{"line":238,"column":30}},"102":{"start":{"line":243,"column":4},"end":{"line":250,"column":5}},"103":{"start":{"line":244,"column":8},"end":{"line":244,"column":88}},"104":{"start":{"line":245,"column":8},"end":{"line":245,"column":34}},"105":{"start":{"line":246,"column":8},"end":{"line":246,"column":38}},"106":{"start":{"line":249,"column":8},"end":{"line":249,"column":104}},"107":{"start":{"line":254,"column":4},"end":{"line":254,"column":145}},"108":{"start":{"line":255,"column":4},"end":{"line":255,"column":59}},"109":{"start":{"line":256,"column":4},"end":{"line":256,"column":48}},"110":{"start":{"line":257,"column":4},"end":{"line":257,"column":62}},"111":{"start":{"line":258,"column":4},"end":{"line":258,"column":49}},"112":{"start":{"line":259,"column":4},"end":{"line":259,"column":46}},"113":{"start":{"line":260,"column":4},"end":{"line":260,"column":70}},"114":{"start":{"line":261,"column":4},"end":{"line":261,"column":67}},"115":{"start":{"line":262,"column":4},"end":{"line":262,"column":67}},"116":{"start":{"line":263,"column":4},"end":{"line":263,"column":47}}},"fnMap":{"0":{"name":"(anonymous_0)","decl":{"start":{"line":91,"column":19},"end":{"line":91,"column":20}},"loc":{"start":{"line":91,"column":39},"end":{"line":91,"column":91}},"line":91},"1":{"name":"(anonymous_1)","decl":{"start":{"line":92,"column":19},"end":{"line":92,"column":20}},"loc":{"start":{"line":92,"column":39},"end":{"line":92,"column":71}},"line":92},"2":{"name":"(anonymous_2)","decl":{"start":{"line":93,"column":31},"end":{"line":93,"column":32}},"loc":{"start":{"line":93,"column":51},"end":{"line":93,"column":91}},"line":93},"3":{"name":"(anonymous_3)","decl":{"start":{"line":94,"column":22},"end":{"line":94,"column":23}},"loc":{"start":{"line":94,"column":42},"end":{"line":94,"column":79}},"line":94},"4":{"name":"(anonymous_4)","decl":{"start":{"line":95,"column":30},"end":{"line":95,"column":31}},"loc":{"start":{"line":95,"column":50},"end":{"line":100,"column":5}},"line":95},"5":{"name":"(anonymous_5)","decl":{"start":{"line":101,"column":34},"end":{"line":101,"column":35}},"loc":{"start":{"line":101,"column":54},"end":{"line":101,"column":92}},"line":101},"6":{"name":"(anonymous_6)","decl":{"start":{"line":103,"column":30},"end":{"line":103,"column":31}},"loc":{"start":{"line":103,"column":50},"end":{"line":107,"column":5}},"line":103},"7":{"name":"(anonymous_7)","decl":{"start":{"line":105,"column":45},"end":{"line":105,"column":46}},"loc":{"start":{"line":105,"column":51},"end":{"line":106,"column":63}},"line":105},"8":{"name":"(anonymous_8)","decl":{"start":{"line":108,"column":23},"end":{"line":108,"column":24}},"loc":{"start":{"line":108,"column":43},"end":{"line":117,"column":5}},"line":108},"9":{"name":"(anonymous_9)","decl":{"start":{"line":110,"column":45},"end":{"line":110,"column":46}},"loc":{"start":{"line":111,"column":12},"end":{"line":115,"column":17}},"line":111},"10":{"name":"(anonymous_10)","decl":{"start":{"line":113,"column":35},"end":{"line":113,"column":36}},"loc":{"start":{"line":113,"column":41},"end":{"line":114,"column":70}},"line":113},"11":{"name":"(anonymous_11)","decl":{"start":{"line":118,"column":24},"end":{"line":118,"column":25}},"loc":{"start":{"line":118,"column":44},"end":{"line":127,"column":5}},"line":118},"12":{"name":"(anonymous_12)","decl":{"start":{"line":120,"column":45},"end":{"line":120,"column":46}},"loc":{"start":{"line":121,"column":12},"end":{"line":125,"column":17}},"line":121},"13":{"name":"(anonymous_13)","decl":{"start":{"line":123,"column":35},"end":{"line":123,"column":36}},"loc":{"start":{"line":123,"column":41},"end":{"line":124,"column":66}},"line":123},"14":{"name":"(anonymous_14)","decl":{"start":{"line":129,"column":25},"end":{"line":129,"column":26}},"loc":{"start":{"line":129,"column":45},"end":{"line":129,"column":83}},"line":129},"15":{"name":"(anonymous_15)","decl":{"start":{"line":130,"column":29},"end":{"line":130,"column":30}},"loc":{"start":{"line":130,"column":49},"end":{"line":130,"column":91}},"line":130},"16":{"name":"(anonymous_16)","decl":{"start":{"line":131,"column":14},"end":{"line":131,"column":15}},"loc":{"start":{"line":131,"column":34},"end":{"line":131,"column":68}},"line":131},"17":{"name":"(anonymous_17)","decl":{"start":{"line":132,"column":25},"end":{"line":132,"column":26}},"loc":{"start":{"line":132,"column":45},"end":{"line":132,"column":84}},"line":132},"18":{"name":"(anonymous_18)","decl":{"start":{"line":135,"column":28},"end":{"line":135,"column":29}},"loc":{"start":{"line":135,"column":37},"end":{"line":135,"column":52}},"line":135},"19":{"name":"fetchAllLists","decl":{"start":{"line":136,"column":17},"end":{"line":136,"column":30}},"loc":{"start":{"line":136,"column":33},"end":{"line":179,"column":1}},"line":136},"20":{"name":"(anonymous_20)","decl":{"start":{"line":175,"column":79},"end":{"line":175,"column":80}},"loc":{"start":{"line":175,"column":85},"end":{"line":175,"column":105}},"line":175},"21":{"name":"(anonymous_21)","decl":{"start":{"line":181,"column":36},"end":{"line":181,"column":37}},"loc":{"start":{"line":181,"column":42},"end":{"line":181,"column":102}},"line":181},"22":{"name":"(anonymous_22)","decl":{"start":{"line":181,"column":42},"end":{"line":181,"column":43}},"loc":{"start":{"line":181,"column":51},"end":{"line":181,"column":102}},"line":181},"23":{"name":"(anonymous_23)","decl":{"start":{"line":181,"column":85},"end":{"line":181,"column":86}},"loc":{"start":{"line":181,"column":90},"end":{"line":181,"column":101}},"line":181},"24":{"name":"updateTitle","decl":{"start":{"line":182,"column":17},"end":{"line":182,"column":28}},"loc":{"start":{"line":182,"column":37},"end":{"line":189,"column":1}},"line":182},"25":{"name":"mutate","decl":{"start":{"line":191,"column":17},"end":{"line":191,"column":23}},"loc":{"start":{"line":191,"column":26},"end":{"line":195,"column":1}},"line":191},"26":{"name":"(anonymous_26)","decl":{"start":{"line":193,"column":40},"end":{"line":193,"column":41}},"loc":{"start":{"line":193,"column":48},"end":{"line":193,"column":110}},"line":193},"27":{"name":"updateSelectedTask","decl":{"start":{"line":198,"column":17},"end":{"line":198,"column":35}},"loc":{"start":{"line":198,"column":44},"end":{"line":205,"column":1}},"line":198},"28":{"name":"updateNameTask","decl":{"start":{"line":208,"column":17},"end":{"line":208,"column":31}},"loc":{"start":{"line":208,"column":40},"end":{"line":215,"column":1}},"line":208},"29":{"name":"deleteDashboard","decl":{"start":{"line":218,"column":17},"end":{"line":218,"column":32}},"loc":{"start":{"line":218,"column":41},"end":{"line":221,"column":1}},"line":218},"30":{"name":"deleteTask","decl":{"start":{"line":224,"column":17},"end":{"line":224,"column":27}},"loc":{"start":{"line":224,"column":36},"end":{"line":227,"column":1}},"line":224},"31":{"name":"addNewTask","decl":{"start":{"line":230,"column":17},"end":{"line":230,"column":27}},"loc":{"start":{"line":230,"column":36},"end":{"line":233,"column":1}},"line":230},"32":{"name":"addList","decl":{"start":{"line":236,"column":17},"end":{"line":236,"column":24}},"loc":{"start":{"line":236,"column":33},"end":{"line":239,"column":1}},"line":236},"33":{"name":"shareList","decl":{"start":{"line":242,"column":17},"end":{"line":242,"column":26}},"loc":{"start":{"line":242,"column":35},"end":{"line":251,"column":1}},"line":242},"34":{"name":"saga","decl":{"start":{"line":253,"column":17},"end":{"line":253,"column":21}},"loc":{"start":{"line":253,"column":24},"end":{"line":264,"column":1}},"line":253}},"branchMap":{"0":{"loc":{"start":{"line":105,"column":51},"end":{"line":106,"column":63}},"type":"cond-expr","locations":[{"start":{"line":106,"column":14},"end":{"line":106,"column":59}},{"start":{"line":106,"column":62},"end":{"line":106,"column":63}}],"line":105},"1":{"loc":{"start":{"line":111,"column":12},"end":{"line":115,"column":17}},"type":"cond-expr","locations":[{"start":{"line":111,"column":50},"end":{"line":115,"column":13}},{"start":{"line":115,"column":16},"end":{"line":115,"column":17}}],"line":111},"2":{"loc":{"start":{"line":113,"column":41},"end":{"line":114,"column":70}},"type":"cond-expr","locations":[{"start":{"line":114,"column":22},"end":{"line":114,"column":66}},{"start":{"line":114,"column":69},"end":{"line":114,"column":70}}],"line":113},"3":{"loc":{"start":{"line":121,"column":12},"end":{"line":125,"column":17}},"type":"cond-expr","locations":[{"start":{"line":121,"column":50},"end":{"line":125,"column":13}},{"start":{"line":125,"column":16},"end":{"line":125,"column":17}}],"line":121},"4":{"loc":{"start":{"line":123,"column":41},"end":{"line":124,"column":66}},"type":"cond-expr","locations":[{"start":{"line":124,"column":22},"end":{"line":124,"column":62}},{"start":{"line":124,"column":65},"end":{"line":124,"column":66}}],"line":123},"5":{"loc":{"start":{"line":141,"column":4},"end":{"line":168,"column":5}},"type":"switch","locations":[{"start":{"line":142,"column":8},"end":{"line":144,"column":18}},{"start":{"line":145,"column":8},"end":{"line":147,"column":18}},{"start":{"line":148,"column":8},"end":{"line":150,"column":18}},{"start":{"line":151,"column":8},"end":{"line":153,"column":18}},{"start":{"line":154,"column":8},"end":{"line":156,"column":18}},{"start":{"line":157,"column":8},"end":{"line":159,"column":18}},{"start":{"line":160,"column":8},"end":{"line":162,"column":18}},{"start":{"line":163,"column":8},"end":{"line":165,"column":18}},{"start":{"line":166,"column":8},"end":{"line":167,"column":33}}],"line":141},"6":{"loc":{"start":{"line":169,"column":17},"end":{"line":170,"column":77}},"type":"cond-expr","locations":[{"start":{"line":170,"column":10},"end":{"line":170,"column":72}},{"start":{"line":170,"column":75},"end":{"line":170,"column":77}}],"line":169},"7":{"loc":{"start":{"line":172,"column":20},"end":{"line":172,"column":50}},"type":"cond-expr","locations":[{"start":{"line":172,"column":33},"end":{"line":172,"column":45}},{"start":{"line":172,"column":48},"end":{"line":172,"column":50}}],"line":172},"8":{"loc":{"start":{"line":175,"column":24},"end":{"line":175,"column":112}},"type":"cond-expr","locations":[{"start":{"line":175,"column":41},"end":{"line":175,"column":107}},{"start":{"line":175,"column":110},"end":{"line":175,"column":112}}],"line":175},"9":{"loc":{"start":{"line":186,"column":48},"end":{"line":186,"column":71}},"type":"binary-expr","locations":[{"start":{"line":186,"column":48},"end":{"line":186,"column":56}},{"start":{"line":186,"column":60},"end":{"line":186,"column":71}}],"line":186},"10":{"loc":{"start":{"line":211,"column":14},"end":{"line":211,"column":40}},"type":"binary-expr","locations":[{"start":{"line":211,"column":14},"end":{"line":211,"column":25}},{"start":{"line":211,"column":29},"end":{"line":211,"column":40}}],"line":211},"11":{"loc":{"start":{"line":249,"column":8},"end":{"line":249,"column":103}},"type":"cond-expr","locations":[{"start":{"line":249,"column":36},"end":{"line":249,"column":96}},{"start":{"line":249,"column":99},"end":{"line":249,"column":103}}],"line":249}},"s":{"0":2,"1":2,"2":2,"3":2,"4":2,"5":2,"6":2,"7":2,"8":2,"9":2,"10":2,"11":2,"12":2,"13":2,"14":2,"15":2,"16":2,"17":2,"18":2,"19":2,"20":2,"21":2,"22":2,"23":2,"24":2,"25":2,"26":2,"27":0,"28":0,"29":0,"30":0,"31":0,"32":0,"33":0,"34":0,"35":0,"36":2,"37":0,"38":0,"39":0,"40":0,"41":2,"42":2,"43":2,"44":0,"45":0,"46":0,"47":0,"48":0,"49":0,"50":0,"51":0,"52":0,"53":0,"54":0,"55":0,"56":0,"57":0,"58":0,"59":0,"60":0,"61":0,"62":0,"63":0,"64":0,"65":0,"66":0,"67":0,"68":0,"69":0,"70":0,"71":0,"72":0,"73":0,"74":2,"75":0,"76":0,"77":0,"78":0,"79":0,"80":0,"81":0,"82":0,"83":0,"84":0,"85":0,"86":0,"87":0,"88":1,"89":1,"90":1,"91":1,"92":1,"93":1,"94":1,"95":1,"96":1,"97":1,"98":1,"99":1,"100":1,"101":1,"102":1,"103":1,"104":1,"105":1,"106":0,"107":0,"108":0,"109":0,"110":0,"111":0,"112":0,"113":0,"114":0,"115":0,"116":0},"f":{"0":2,"1":2,"2":0,"3":0,"4":0,"5":0,"6":0,"7":0,"8":0,"9":0,"10":0,"11":2,"12":0,"13":0,"14":0,"15":0,"16":2,"17":2,"18":0,"19":0,"20":0,"21":0,"22":0,"23":0,"24":0,"25":0,"26":0,"27":1,"28":1,"29":1,"30":1,"31":1,"32":1,"33":1,"34":0},"b":{"0":[0,0],"1":[0,0],"2":[0,0],"3":[0,0],"4":[0,0],"5":[0,0,0,0,0,0,0,0,0],"6":[0,0],"7":[0,0],"8":[0,0],"9":[0,0],"10":[1,1],"11":[0,0]},"_coverageSchema":"43e27e138ebf9cfc5966b082cf9a028302ed4184","hash":"f7ffa13c4ff560ffdf891accb29d75ff404e4105"}
,"C:\\Users\\Latii\\projects\\last0204\\src\\scenes\\list\\duck.js": {"path":"C:\\Users\\Latii\\projects\\last0204\\src\\scenes\\list\\duck.js","statementMap":{"0":{"start":{"line":11,"column":26},"end":{"line":11,"column":43}},"1":{"start":{"line":12,"column":34},"end":{"line":12,"column":59}},"2":{"start":{"line":13,"column":27},"end":{"line":13,"column":45}},"3":{"start":{"line":14,"column":33},"end":{"line":14,"column":57}},"4":{"start":{"line":15,"column":32},"end":{"line":15,"column":55}},"5":{"start":{"line":16,"column":41},"end":{"line":16,"column":73}},"6":{"start":{"line":17,"column":29},"end":{"line":17,"column":49}},"7":{"start":{"line":18,"column":32},"end":{"line":18,"column":55}},"8":{"start":{"line":19,"column":27},"end":{"line":19,"column":45}},"9":{"start":{"line":20,"column":36},"end":{"line":20,"column":63}},"10":{"start":{"line":21,"column":29},"end":{"line":21,"column":49}},"11":{"start":{"line":22,"column":33},"end":{"line":22,"column":57}},"12":{"start":{"line":23,"column":22},"end":{"line":23,"column":35}},"13":{"start":{"line":24,"column":30},"end":{"line":24,"column":51}},"14":{"start":{"line":26,"column":23},"end":{"line":41,"column":1}},"15":{"start":{"line":43,"column":21},"end":{"line":49,"column":1}},"16":{"start":{"line":50,"column":23},"end":{"line":87,"column":16}},"17":{"start":{"line":52,"column":46},"end":{"line":52,"column":78}},"18":{"start":{"line":54,"column":53},"end":{"line":54,"column":85}},"19":{"start":{"line":56,"column":45},"end":{"line":59,"column":5}},"20":{"start":{"line":61,"column":44},"end":{"line":70,"column":5}},"21":{"start":{"line":65,"column":46},"end":{"line":68,"column":21}},"22":{"start":{"line":72,"column":48},"end":{"line":81,"column":5}},"23":{"start":{"line":76,"column":46},"end":{"line":79,"column":21}},"24":{"start":{"line":83,"column":39},"end":{"line":83,"column":73}},"25":{"start":{"line":84,"column":41},"end":{"line":84,"column":87}},"26":{"start":{"line":85,"column":45},"end":{"line":85,"column":97}},"27":{"start":{"line":90,"column":44},"end":{"line":90,"column":77}},"28":{"start":{"line":90,"column":66},"end":{"line":90,"column":76}},"29":{"start":{"line":91,"column":14},"end":{"line":91,"column":59}},"30":{"start":{"line":92,"column":4},"end":{"line":99,"column":53}},"31":{"start":{"line":95,"column":47},"end":{"line":95,"column":71}},"32":{"start":{"line":98,"column":47},"end":{"line":98,"column":72}},"33":{"start":{"line":103,"column":4},"end":{"line":103,"column":22}},"34":{"start":{"line":104,"column":17},"end":{"line":104,"column":67}},"35":{"start":{"line":105,"column":4},"end":{"line":105,"column":110}},"36":{"start":{"line":109,"column":4},"end":{"line":109,"column":22}},"37":{"start":{"line":110,"column":17},"end":{"line":110,"column":67}},"38":{"start":{"line":111,"column":4},"end":{"line":111,"column":27}},"39":{"start":{"line":112,"column":4},"end":{"line":115,"column":7}},"40":{"start":{"line":116,"column":14},"end":{"line":116,"column":64}},"41":{"start":{"line":117,"column":4},"end":{"line":117,"column":24}},"42":{"start":{"line":118,"column":4},"end":{"line":118,"column":48}},"43":{"start":{"line":122,"column":17},"end":{"line":122,"column":67}},"44":{"start":{"line":123,"column":23},"end":{"line":127,"column":10}},"45":{"start":{"line":126,"column":47},"end":{"line":126,"column":89}},"46":{"start":{"line":128,"column":4},"end":{"line":128,"column":26}},"47":{"start":{"line":132,"column":4},"end":{"line":132,"column":106}},"48":{"start":{"line":133,"column":14},"end":{"line":133,"column":64}},"49":{"start":{"line":134,"column":4},"end":{"line":134,"column":48}},"50":{"start":{"line":138,"column":4},"end":{"line":138,"column":55}},"51":{"start":{"line":142,"column":4},"end":{"line":142,"column":55}},"52":{"start":{"line":143,"column":4},"end":{"line":143,"column":50}},"53":{"start":{"line":144,"column":14},"end":{"line":144,"column":64}},"54":{"start":{"line":145,"column":4},"end":{"line":145,"column":48}},"55":{"start":{"line":149,"column":17},"end":{"line":149,"column":67}},"56":{"start":{"line":150,"column":4},"end":{"line":150,"column":22}},"57":{"start":{"line":151,"column":4},"end":{"line":154,"column":7}},"58":{"start":{"line":155,"column":14},"end":{"line":155,"column":64}},"59":{"start":{"line":156,"column":4},"end":{"line":156,"column":48}},"60":{"start":{"line":160,"column":4},"end":{"line":160,"column":83}},"61":{"start":{"line":161,"column":4},"end":{"line":161,"column":56}},"62":{"start":{"line":162,"column":4},"end":{"line":162,"column":51}},"63":{"start":{"line":163,"column":4},"end":{"line":163,"column":54}},"64":{"start":{"line":164,"column":4},"end":{"line":164,"column":59}},"65":{"start":{"line":165,"column":4},"end":{"line":165,"column":67}},"66":{"start":{"line":166,"column":4},"end":{"line":166,"column":60}},"67":{"start":{"line":167,"column":4},"end":{"line":167,"column":57}}},"fnMap":{"0":{"name":"(anonymous_0)","decl":{"start":{"line":52,"column":26},"end":{"line":52,"column":27}},"loc":{"start":{"line":52,"column":46},"end":{"line":52,"column":78}},"line":52},"1":{"name":"(anonymous_1)","decl":{"start":{"line":54,"column":33},"end":{"line":54,"column":34}},"loc":{"start":{"line":54,"column":53},"end":{"line":54,"column":85}},"line":54},"2":{"name":"(anonymous_2)","decl":{"start":{"line":56,"column":25},"end":{"line":56,"column":26}},"loc":{"start":{"line":56,"column":45},"end":{"line":59,"column":5}},"line":56},"3":{"name":"(anonymous_3)","decl":{"start":{"line":61,"column":24},"end":{"line":61,"column":25}},"loc":{"start":{"line":61,"column":44},"end":{"line":70,"column":5}},"line":61},"4":{"name":"(anonymous_4)","decl":{"start":{"line":65,"column":40},"end":{"line":65,"column":41}},"loc":{"start":{"line":65,"column":46},"end":{"line":68,"column":21}},"line":65},"5":{"name":"(anonymous_5)","decl":{"start":{"line":72,"column":28},"end":{"line":72,"column":29}},"loc":{"start":{"line":72,"column":48},"end":{"line":81,"column":5}},"line":72},"6":{"name":"(anonymous_6)","decl":{"start":{"line":76,"column":40},"end":{"line":76,"column":41}},"loc":{"start":{"line":76,"column":46},"end":{"line":79,"column":21}},"line":76},"7":{"name":"(anonymous_7)","decl":{"start":{"line":83,"column":19},"end":{"line":83,"column":20}},"loc":{"start":{"line":83,"column":39},"end":{"line":83,"column":73}},"line":83},"8":{"name":"(anonymous_8)","decl":{"start":{"line":84,"column":21},"end":{"line":84,"column":22}},"loc":{"start":{"line":84,"column":41},"end":{"line":84,"column":87}},"line":84},"9":{"name":"(anonymous_9)","decl":{"start":{"line":85,"column":25},"end":{"line":85,"column":26}},"loc":{"start":{"line":85,"column":45},"end":{"line":85,"column":97}},"line":85},"10":{"name":"fetchList","decl":{"start":{"line":89,"column":10},"end":{"line":89,"column":19}},"loc":{"start":{"line":89,"column":28},"end":{"line":100,"column":1}},"line":89},"11":{"name":"(anonymous_11)","decl":{"start":{"line":90,"column":57},"end":{"line":90,"column":58}},"loc":{"start":{"line":90,"column":66},"end":{"line":90,"column":76}},"line":90},"12":{"name":"(anonymous_12)","decl":{"start":{"line":95,"column":39},"end":{"line":95,"column":40}},"loc":{"start":{"line":95,"column":47},"end":{"line":95,"column":71}},"line":95},"13":{"name":"(anonymous_13)","decl":{"start":{"line":98,"column":39},"end":{"line":98,"column":40}},"loc":{"start":{"line":98,"column":47},"end":{"line":98,"column":72}},"line":98},"14":{"name":"updateTitle","decl":{"start":{"line":102,"column":10},"end":{"line":102,"column":21}},"loc":{"start":{"line":102,"column":30},"end":{"line":106,"column":1}},"line":102},"15":{"name":"fetchUpdateTask","decl":{"start":{"line":108,"column":10},"end":{"line":108,"column":25}},"loc":{"start":{"line":108,"column":34},"end":{"line":119,"column":1}},"line":108},"16":{"name":"fetchChangeSearch","decl":{"start":{"line":121,"column":17},"end":{"line":121,"column":34}},"loc":{"start":{"line":121,"column":43},"end":{"line":129,"column":1}},"line":121},"17":{"name":"(anonymous_17)","decl":{"start":{"line":126,"column":42},"end":{"line":126,"column":43}},"loc":{"start":{"line":126,"column":47},"end":{"line":126,"column":89}},"line":126},"18":{"name":"addNewTask","decl":{"start":{"line":131,"column":10},"end":{"line":131,"column":20}},"loc":{"start":{"line":131,"column":29},"end":{"line":135,"column":1}},"line":131},"19":{"name":"fetchDeleteList","decl":{"start":{"line":137,"column":10},"end":{"line":137,"column":25}},"loc":{"start":{"line":137,"column":34},"end":{"line":139,"column":1}},"line":137},"20":{"name":"fetchDeleteTask","decl":{"start":{"line":141,"column":10},"end":{"line":141,"column":25}},"loc":{"start":{"line":141,"column":34},"end":{"line":146,"column":1}},"line":141},"21":{"name":"fetchUpdateCheckbox","decl":{"start":{"line":148,"column":10},"end":{"line":148,"column":29}},"loc":{"start":{"line":148,"column":38},"end":{"line":157,"column":1}},"line":148},"22":{"name":"saga","decl":{"start":{"line":159,"column":17},"end":{"line":159,"column":21}},"loc":{"start":{"line":159,"column":24},"end":{"line":168,"column":1}},"line":159}},"branchMap":{"0":{"loc":{"start":{"line":65,"column":46},"end":{"line":68,"column":21}},"type":"cond-expr","locations":[{"start":{"line":66,"column":18},"end":{"line":68,"column":17}},{"start":{"line":68,"column":20},"end":{"line":68,"column":21}}],"line":65},"1":{"loc":{"start":{"line":76,"column":46},"end":{"line":79,"column":21}},"type":"cond-expr","locations":[{"start":{"line":77,"column":18},"end":{"line":79,"column":17}},{"start":{"line":79,"column":20},"end":{"line":79,"column":21}}],"line":76},"2":{"loc":{"start":{"line":92,"column":4},"end":{"line":99,"column":52}},"type":"cond-expr","locations":[{"start":{"line":92,"column":40},"end":{"line":92,"column":83}},{"start":{"line":93,"column":8},"end":{"line":99,"column":52}}],"line":92},"3":{"loc":{"start":{"line":92,"column":5},"end":{"line":92,"column":36}},"type":"binary-expr","locations":[{"start":{"line":92,"column":5},"end":{"line":92,"column":17}},{"start":{"line":92,"column":21},"end":{"line":92,"column":36}}],"line":92},"4":{"loc":{"start":{"line":93,"column":8},"end":{"line":99,"column":52}},"type":"cond-expr","locations":[{"start":{"line":93,"column":23},"end":{"line":96,"column":11}},{"start":{"line":96,"column":14},"end":{"line":99,"column":52}}],"line":93},"5":{"loc":{"start":{"line":96,"column":14},"end":{"line":99,"column":52}},"type":"cond-expr","locations":[{"start":{"line":96,"column":32},"end":{"line":99,"column":11}},{"start":{"line":99,"column":13},"end":{"line":99,"column":52}}],"line":96},"6":{"loc":{"start":{"line":123,"column":23},"end":{"line":127,"column":10}},"type":"cond-expr","locations":[{"start":{"line":123,"column":54},"end":{"line":123,"column":89}},{"start":{"line":124,"column":10},"end":{"line":127,"column":10}}],"line":123}},"s":{"0":1,"1":1,"2":1,"3":1,"4":1,"5":1,"6":1,"7":1,"8":1,"9":1,"10":1,"11":1,"12":1,"13":1,"14":1,"15":1,"16":1,"17":1,"18":0,"19":2,"20":2,"21":2,"22":2,"23":2,"24":2,"25":1,"26":1,"27":0,"28":0,"29":0,"30":0,"31":0,"32":0,"33":0,"34":0,"35":0,"36":0,"37":0,"38":0,"39":0,"40":0,"41":0,"42":0,"43":1,"44":0,"45":0,"46":0,"47":0,"48":0,"49":0,"50":0,"51":0,"52":0,"53":0,"54":0,"55":0,"56":0,"57":0,"58":0,"59":0,"60":0,"61":0,"62":0,"63":0,"64":0,"65":0,"66":0,"67":0},"f":{"0":1,"1":0,"2":2,"3":2,"4":2,"5":2,"6":2,"7":2,"8":1,"9":1,"10":0,"11":0,"12":0,"13":0,"14":0,"15":0,"16":1,"17":0,"18":0,"19":0,"20":0,"21":0,"22":0},"b":{"0":[1,1],"1":[1,1],"2":[0,0],"3":[0,0],"4":[0,0],"5":[0,0],"6":[0,0]},"_coverageSchema":"43e27e138ebf9cfc5966b082cf9a028302ed4184","hash":"6a1bc86ab96c99be60303a5d47c4e1c45d1e416f"}
,"C:\\Users\\Latii\\projects\\last0204\\src\\scenes\\popup\\duck.js": {"path":"C:\\Users\\Latii\\projects\\last0204\\src\\scenes\\popup\\duck.js","statementMap":{"0":{"start":{"line":7,"column":28},"end":{"line":7,"column":48}},"1":{"start":{"line":8,"column":27},"end":{"line":8,"column":46}},"2":{"start":{"line":10,"column":23},"end":{"line":13,"column":1}},"3":{"start":{"line":15,"column":21},"end":{"line":18,"column":1}},"4":{"start":{"line":20,"column":23},"end":{"line":24,"column":16}},"5":{"start":{"line":21,"column":40},"end":{"line":21,"column":74}},"6":{"start":{"line":22,"column":39},"end":{"line":22,"column":72}},"7":{"start":{"line":27,"column":18},"end":{"line":27,"column":40}},"8":{"start":{"line":28,"column":16},"end":{"line":28,"column":64}},"9":{"start":{"line":29,"column":28},"end":{"line":29,"column":85}},"10":{"start":{"line":29,"column":50},"end":{"line":29,"column":84}},"11":{"start":{"line":30,"column":18},"end":{"line":30,"column":61}},"12":{"start":{"line":30,"column":39},"end":{"line":30,"column":60}},"13":{"start":{"line":31,"column":4},"end":{"line":31,"column":99}},"14":{"start":{"line":36,"column":4},"end":{"line":36,"column":49}}},"fnMap":{"0":{"name":"(anonymous_0)","decl":{"start":{"line":21,"column":20},"end":{"line":21,"column":21}},"loc":{"start":{"line":21,"column":40},"end":{"line":21,"column":74}},"line":21},"1":{"name":"(anonymous_1)","decl":{"start":{"line":22,"column":19},"end":{"line":22,"column":20}},"loc":{"start":{"line":22,"column":39},"end":{"line":22,"column":72}},"line":22},"2":{"name":"fetchUser","decl":{"start":{"line":26,"column":10},"end":{"line":26,"column":19}},"loc":{"start":{"line":26,"column":28},"end":{"line":32,"column":1}},"line":26},"3":{"name":"(anonymous_3)","decl":{"start":{"line":29,"column":41},"end":{"line":29,"column":42}},"loc":{"start":{"line":29,"column":50},"end":{"line":29,"column":84}},"line":29},"4":{"name":"(anonymous_4)","decl":{"start":{"line":30,"column":34},"end":{"line":30,"column":35}},"loc":{"start":{"line":30,"column":39},"end":{"line":30,"column":60}},"line":30},"5":{"name":"saga","decl":{"start":{"line":35,"column":17},"end":{"line":35,"column":21}},"loc":{"start":{"line":35,"column":24},"end":{"line":37,"column":1}},"line":35}},"branchMap":{"0":{"loc":{"start":{"line":31,"column":4},"end":{"line":31,"column":98}},"type":"cond-expr","locations":[{"start":{"line":31,"column":25},"end":{"line":31,"column":60}},{"start":{"line":31,"column":63},"end":{"line":31,"column":98}}],"line":31}},"s":{"0":1,"1":1,"2":1,"3":1,"4":1,"5":2,"6":2,"7":0,"8":0,"9":0,"10":0,"11":0,"12":0,"13":0,"14":0},"f":{"0":2,"1":2,"2":0,"3":0,"4":0,"5":0},"b":{"0":[0,0]},"_coverageSchema":"43e27e138ebf9cfc5966b082cf9a028302ed4184","hash":"fd4486398f1f1ba762a6300a4e991a5913fe1d1a"}
}
