TN:
SF:C:\Users\User\todolistteam\todolist\src\duck.js
FN:13,errorHandler
FN:29,saga
FNF:2
FNH:0
FNDA:0,errorHandler
FNDA:0,saga
DA:6,15
DA:9,15
DA:14,0
DA:15,0
DA:17,0
DA:18,0
DA:19,0
DA:20,0
DA:21,0
DA:22,0
DA:23,0
DA:24,0
DA:25,0
DA:30,0
LF:14
LH:2
BRDA:17,0,0,0
BRDA:17,0,1,0
BRDA:20,1,0,0
BRDA:20,1,1,0
BRDA:22,2,0,0
BRDA:22,2,1,0
BRF:6
BRH:0
end_of_record
TN:
SF:C:\Users\User\todolistteam\todolist\src\api\auth.js
FN:3,(anonymous_0)
FN:5,(anonymous_1)
FN:7,(anonymous_2)
FNF:3
FNH:0
FNDA:0,(anonymous_0)
FNDA:0,(anonymous_1)
FNDA:0,(anonymous_2)
DA:3,3
DA:5,3
DA:7,3
LF:3
LH:3
BRF:0
BRH:0
end_of_record
TN:
SF:C:\Users\User\todolistteam\todolist\src\api\dashboard.js
FN:5,(anonymous_0)
FN:9,(anonymous_1)
FN:11,(anonymous_2)
FN:13,(anonymous_3)
FN:15,(anonymous_4)
FN:17,(anonymous_5)
FNF:6
FNH:0
FNDA:0,(anonymous_0)
FNDA:0,(anonymous_1)
FNDA:0,(anonymous_2)
FNDA:0,(anonymous_3)
FNDA:0,(anonymous_4)
FNDA:0,(anonymous_5)
DA:3,4
DA:5,4
DA:6,0
DA:9,4
DA:11,4
DA:13,4
DA:15,4
DA:17,4
DA:18,0
LF:9
LH:7
BRF:0
BRH:0
end_of_record
TN:
SF:C:\Users\User\todolistteam\todolist\src\api\list.js
FN:3,(anonymous_0)
FNF:1
FNH:0
FNDA:0,(anonymous_0)
DA:3,2
LF:1
LH:1
BRF:0
BRH:0
end_of_record
TN:
SF:C:\Users\User\todolistteam\todolist\src\api\task.js
FN:3,(anonymous_0)
FN:5,(anonymous_1)
FN:7,(anonymous_2)
FNF:3
FNH:0
FNDA:0,(anonymous_0)
FNDA:0,(anonymous_1)
FNDA:0,(anonymous_2)
DA:3,4
DA:5,4
DA:7,4
LF:3
LH:3
BRF:0
BRH:0
end_of_record
TN:
SF:C:\Users\User\todolistteam\todolist\src\api\userController.js
FN:5,(anonymous_0)
FN:7,(anonymous_1)
FN:9,(anonymous_2)
FN:11,(anonymous_3)
FN:13,(anonymous_4)
FN:15,(anonymous_5)
FNF:6
FNH:0
FNDA:0,(anonymous_0)
FNDA:0,(anonymous_1)
FNDA:0,(anonymous_2)
FNDA:0,(anonymous_3)
FNDA:0,(anonymous_4)
FNDA:0,(anonymous_5)
DA:3,8
DA:5,8
DA:7,8
DA:9,8
DA:11,8
DA:13,8
DA:15,8
LF:7
LH:7
BRF:0
BRH:0
end_of_record
TN:
SF:C:\Users\User\todolistteam\todolist\src\config\history.js
FNF:0
FNH:0
DA:3,15
LF:1
LH:1
BRF:0
BRH:0
end_of_record
TN:
SF:C:\Users\User\todolistteam\todolist\src\helpers\saga.js
FN:4,safeTakeLatest
FN:5,handler
FN:6,handler2
FN:12,safeTakeEvery
FN:13,handler
FN:14,handler2
FNF:6
FNH:0
FNDA:0,safeTakeLatest
FNDA:0,handler
FNDA:0,handler2
FNDA:0,safeTakeEvery
FNDA:0,handler
FNDA:0,handler2
DA:5,0
DA:6,0
DA:7,0
DA:13,0
DA:14,0
DA:15,0
LF:6
LH:0
BRF:0
BRH:0
end_of_record
TN:
SF:C:\Users\User\todolistteam\todolist\src\scenes\account\authorization\duck.js
FN:30,(anonymous_0)
FN:33,(anonymous_1)
FN:38,(anonymous_2)
FN:41,setDefaultApiToken
FN:45,authorization
FN:55,refreshTokenProcess
FN:68,rehydrateSaga
FN:74,logout
FN:86,saga
FNF:9
FNH:5
FNDA:0,(anonymous_0)
FNDA:2,(anonymous_1)
FNDA:1,(anonymous_2)
FNDA:0,setDefaultApiToken
FNDA:1,authorization
FNDA:1,refreshTokenProcess
FNDA:1,rehydrateSaga
FNDA:0,logout
FNDA:0,saga
DA:11,2
DA:12,2
DA:13,2
DA:14,2
DA:15,2
DA:17,2
DA:25,2
DA:30,2
DA:32,2
DA:33,2
DA:38,1
DA:42,0
DA:46,1
DA:47,0
DA:51,0
DA:52,0
DA:56,1
DA:57,1
DA:60,1
DA:61,1
DA:62,0
DA:63,0
DA:64,0
DA:69,1
DA:70,0
DA:71,0
DA:75,0
DA:87,0
DA:88,0
DA:89,0
DA:90,0
LF:31
LH:17
BRDA:57,0,0,0
BRDA:57,0,1,1
BRDA:57,1,0,1
BRDA:57,1,1,1
BRDA:75,2,0,0
BRDA:75,2,1,0
BRDA:75,2,2,0
BRDA:75,2,3,0
BRF:8
BRH:3
end_of_record
TN:
SF:C:\Users\User\todolistteam\todolist\src\scenes\account\registration\duck.js
FN:13,registration
FN:18,saga
FNF:2
FNH:1
FNDA:1,registration
FNDA:0,saga
DA:7,1
DA:9,1
DA:14,1
DA:15,1
DA:19,0
LF:5
LH:4
BRF:0
BRH:0
end_of_record
TN:
SF:C:\Users\User\todolistteam\todolist\src\scenes\container\settings\followUser\duck.js
FN:32,(anonymous_0)
FN:34,(anonymous_1)
FN:37,(anonymous_2)
FN:38,(anonymous_3)
FN:39,(anonymous_4)
FN:40,(anonymous_5)
FN:43,fetchUsersNames
FN:48,followUsers
FN:59,mutate
FN:62,(anonymous_9)
FN:64,(anonymous_10)
FN:68,saga
FNF:12
FNH:7
FNDA:0,(anonymous_0)
FNDA:0,(anonymous_1)
FNDA:1,(anonymous_2)
FNDA:1,(anonymous_3)
FNDA:1,(anonymous_4)
FNDA:1,(anonymous_5)
FNDA:1,fetchUsersNames
FNDA:1,followUsers
FNDA:1,mutate
FNDA:0,(anonymous_9)
FNDA:0,(anonymous_10)
FNDA:0,saga
DA:7,2
DA:8,2
DA:9,2
DA:10,2
DA:11,2
DA:12,2
DA:13,2
DA:15,2
DA:25,2
DA:32,2
DA:34,2
DA:36,2
DA:37,1
DA:38,1
DA:39,1
DA:40,1
DA:44,1
DA:45,1
DA:49,1
DA:50,1
DA:51,1
DA:53,0
DA:54,0
DA:60,1
DA:61,0
DA:62,0
DA:63,0
DA:64,0
DA:65,0
DA:69,0
DA:70,0
DA:71,0
LF:32
LH:22
BRDA:53,0,0,0
BRDA:53,0,1,0
BRDA:54,1,0,0
BRDA:54,1,1,0
BRF:4
BRH:0
end_of_record
TN:
SF:C:\Users\User\todolistteam\todolist\src\scenes\container\settings\profile\duck.js
FN:28,(anonymous_0)
FN:31,fetchUser
FN:41,editProfile
FN:46,deleteProfile
FN:52,saga
FNF:5
FNH:4
FNDA:2,(anonymous_0)
FNDA:1,fetchUser
FNDA:1,editProfile
FNDA:1,deleteProfile
FNDA:0,saga
DA:11,2
DA:12,2
DA:13,2
DA:14,2
DA:16,2
DA:23,2
DA:27,2
DA:28,2
DA:32,1
DA:33,1
DA:36,1
DA:37,1
DA:42,1
DA:43,1
DA:48,1
DA:49,1
DA:53,0
DA:54,0
DA:55,0
LF:19
LH:16
BRDA:33,0,0,0
BRDA:33,0,1,1
BRDA:33,1,0,1
BRDA:33,1,1,1
BRF:4
BRH:3
end_of_record
TN:
SF:C:\Users\User\todolistteam\todolist\src\scenes\container\settings\subscribes\duck.js
FN:26,(anonymous_0)
FN:29,(anonymous_1)
FN:30,(anonymous_2)
FN:31,(anonymous_3)
FN:34,mutate
FN:36,(anonymous_5)
FN:42,getSubscribers
FN:48,saga
FNF:8
FNH:4
FNDA:0,(anonymous_0)
FNDA:2,(anonymous_1)
FNDA:2,(anonymous_2)
FNDA:2,(anonymous_3)
FNDA:1,mutate
FNDA:0,(anonymous_5)
FNDA:0,getSubscribers
FNDA:0,saga
DA:6,2
DA:7,2
DA:8,2
DA:9,2
DA:10,2
DA:12,2
DA:20,2
DA:26,2
DA:28,2
DA:29,2
DA:30,2
DA:31,2
DA:35,1
DA:36,0
DA:39,0
DA:43,0
DA:44,0
DA:45,0
DA:49,0
DA:50,0
LF:20
LH:13
BRF:0
BRH:0
end_of_record
TN:
SF:C:\Users\User\todolistteam\todolist\src\scenes\dashboard\duck.js
FN:91,(anonymous_0)
FN:92,(anonymous_1)
FN:93,(anonymous_2)
FN:94,(anonymous_3)
FN:95,(anonymous_4)
FN:101,(anonymous_5)
FN:103,(anonymous_6)
FN:105,(anonymous_7)
FN:108,(anonymous_8)
FN:110,(anonymous_9)
FN:113,(anonymous_10)
FN:118,(anonymous_11)
FN:120,(anonymous_12)
FN:123,(anonymous_13)
FN:129,(anonymous_14)
FN:130,(anonymous_15)
FN:131,(anonymous_16)
FN:132,(anonymous_17)
FN:135,(anonymous_18)
FN:136,fetchAllLists
FN:175,(anonymous_20)
FN:181,(anonymous_21)
FN:181,(anonymous_22)
FN:181,(anonymous_23)
FN:182,updateTitle
FN:190,mutate
FN:192,(anonymous_26)
FN:197,updateSelectedTask
FN:207,updateNameTask
FN:217,deleteDashboard
FN:223,deleteTask
FN:229,addNewTask
FN:235,addList
FN:241,shareList
FN:251,saga
FNF:35
FNH:12
FNDA:2,(anonymous_0)
FNDA:2,(anonymous_1)
FNDA:0,(anonymous_2)
FNDA:0,(anonymous_3)
FNDA:0,(anonymous_4)
FNDA:0,(anonymous_5)
FNDA:0,(anonymous_6)
FNDA:0,(anonymous_7)
FNDA:0,(anonymous_8)
FNDA:0,(anonymous_9)
FNDA:0,(anonymous_10)
FNDA:2,(anonymous_11)
FNDA:0,(anonymous_12)
FNDA:0,(anonymous_13)
FNDA:0,(anonymous_14)
FNDA:0,(anonymous_15)
FNDA:2,(anonymous_16)
FNDA:2,(anonymous_17)
FNDA:0,(anonymous_18)
FNDA:0,fetchAllLists
FNDA:0,(anonymous_20)
FNDA:0,(anonymous_21)
FNDA:0,(anonymous_22)
FNDA:0,(anonymous_23)
FNDA:0,updateTitle
FNDA:0,mutate
FNDA:0,(anonymous_26)
FNDA:1,updateSelectedTask
FNDA:1,updateNameTask
FNDA:1,deleteDashboard
FNDA:1,deleteTask
FNDA:1,addNewTask
FNDA:1,addList
FNDA:1,shareList
FNDA:0,saga
DA:20,2
DA:21,2
DA:23,2
DA:24,2
DA:26,2
DA:27,2
DA:29,2
DA:30,2
DA:31,2
DA:32,2
DA:34,2
DA:35,2
DA:36,2
DA:37,2
DA:38,2
DA:40,2
DA:41,2
DA:42,2
DA:44,2
DA:45,2
DA:46,2
DA:48,2
DA:50,2
DA:76,2
DA:90,2
DA:91,2
DA:92,2
DA:93,0
DA:94,0
DA:95,0
DA:101,0
DA:103,0
DA:105,0
DA:108,0
DA:111,0
DA:113,0
DA:118,2
DA:121,0
DA:123,0
DA:129,0
DA:130,0
DA:131,2
DA:132,2
DA:135,2
DA:139,0
DA:141,0
DA:143,0
DA:144,0
DA:146,0
DA:147,0
DA:149,0
DA:150,0
DA:152,0
DA:153,0
DA:155,0
DA:156,0
DA:158,0
DA:159,0
DA:161,0
DA:162,0
DA:164,0
DA:165,0
DA:167,0
DA:169,0
DA:171,0
DA:172,0
DA:173,0
DA:174,0
DA:175,0
DA:176,0
DA:177,0
DA:178,0
DA:181,2
DA:183,0
DA:184,0
DA:185,0
DA:186,0
DA:187,0
DA:191,0
DA:192,0
DA:193,0
DA:198,1
DA:199,1
DA:203,1
DA:208,1
DA:209,1
DA:213,1
DA:218,1
DA:219,1
DA:224,1
DA:225,1
DA:230,1
DA:231,1
DA:236,1
DA:237,1
DA:242,1
DA:243,1
DA:244,1
DA:245,1
DA:247,0
DA:252,0
DA:255,0
DA:256,0
DA:257,0
DA:258,0
DA:259,0
DA:260,0
DA:261,0
DA:262,0
DA:263,0
LF:110
LH:50
BRDA:105,0,0,0
BRDA:105,0,1,0
BRDA:111,1,0,0
BRDA:111,1,1,0
BRDA:113,2,0,0
BRDA:113,2,1,0
BRDA:121,3,0,0
BRDA:121,3,1,0
BRDA:123,4,0,0
BRDA:123,4,1,0
BRDA:141,5,0,0
BRDA:141,5,1,0
BRDA:141,5,2,0
BRDA:141,5,3,0
BRDA:141,5,4,0
BRDA:141,5,5,0
BRDA:141,5,6,0
BRDA:141,5,7,0
BRDA:141,5,8,0
BRDA:169,6,0,0
BRDA:169,6,1,0
BRDA:172,7,0,0
BRDA:172,7,1,0
BRDA:175,8,0,0
BRDA:175,8,1,0
BRDA:185,9,0,0
BRDA:185,9,1,0
BRDA:210,10,0,1
BRDA:210,10,1,1
BRDA:247,11,0,0
BRDA:247,11,1,0
BRF:31
BRH:2
end_of_record
TN:
SF:C:\Users\User\todolistteam\todolist\src\scenes\list\duck.js
FN:50,(anonymous_0)
FN:54,(anonymous_1)
FN:56,(anonymous_2)
FN:58,(anonymous_3)
FN:63,(anonymous_4)
FN:67,(anonymous_5)
FN:74,(anonymous_6)
FN:78,(anonymous_7)
FN:85,(anonymous_8)
FN:86,(anonymous_9)
FN:87,(anonymous_10)
FN:91,fetchList
FN:97,(anonymous_12)
FN:100,(anonymous_13)
FN:104,updateTitle
FN:110,fetchUpdateTask
FN:120,fetchChangeSearch
FN:125,(anonymous_17)
FN:130,addNewTask
FN:136,fetchDeleteList
FN:140,fetchDeleteTask
FN:147,fetchUpdateCheckbox
FN:156,saga
FNF:23
FNH:17
FNDA:0,(anonymous_0)
FNDA:1,(anonymous_1)
FNDA:0,(anonymous_2)
FNDA:2,(anonymous_3)
FNDA:2,(anonymous_4)
FNDA:2,(anonymous_5)
FNDA:2,(anonymous_6)
FNDA:2,(anonymous_7)
FNDA:2,(anonymous_8)
FNDA:1,(anonymous_9)
FNDA:1,(anonymous_10)
FNDA:1,fetchList
FNDA:0,(anonymous_12)
FNDA:0,(anonymous_13)
FNDA:1,updateTitle
FNDA:1,fetchUpdateTask
FNDA:1,fetchChangeSearch
FNDA:0,(anonymous_17)
FNDA:1,addNewTask
FNDA:1,fetchDeleteList
FNDA:1,fetchDeleteTask
FNDA:1,fetchUpdateCheckbox
FNDA:0,saga
DA:10,2
DA:11,2
DA:12,2
DA:13,2
DA:14,2
DA:15,2
DA:16,2
DA:17,2
DA:18,2
DA:19,2
DA:20,2
DA:21,2
DA:22,2
DA:23,2
DA:25,2
DA:42,2
DA:50,2
DA:52,2
DA:54,1
DA:56,0
DA:58,2
DA:63,2
DA:67,2
DA:74,2
DA:78,2
DA:85,2
DA:86,1
DA:87,1
DA:92,1
DA:93,1
DA:94,1
DA:97,0
DA:100,0
DA:105,1
DA:106,1
DA:107,1
DA:111,1
DA:112,1
DA:116,1
DA:117,1
DA:121,1
DA:122,0
DA:125,0
DA:127,0
DA:131,1
DA:132,1
DA:133,1
DA:137,1
DA:141,1
DA:142,1
DA:143,1
DA:144,1
DA:148,1
DA:152,1
DA:153,1
DA:157,0
DA:158,0
DA:159,0
DA:160,0
DA:161,0
DA:162,0
DA:163,0
DA:164,0
LF:63
LH:49
BRDA:67,0,0,1
BRDA:67,0,1,1
BRDA:78,1,0,1
BRDA:78,1,1,1
BRDA:94,2,0,0
BRDA:94,2,1,1
BRDA:94,3,0,1
BRDA:94,3,1,0
BRDA:95,4,0,0
BRDA:95,4,1,1
BRDA:98,5,0,0
BRDA:98,5,1,1
BRDA:122,6,0,0
BRDA:122,6,1,0
BRF:14
BRH:8
end_of_record
TN:
SF:C:\Users\User\todolistteam\todolist\src\scenes\popup\duck.js
FN:15,(anonymous_0)
FN:23,(anonymous_1)
FN:24,(anonymous_2)
FN:28,fetchUser
FN:32,(anonymous_4)
FN:36,saga
FNF:6
FNH:3
FNDA:0,(anonymous_0)
FNDA:2,(anonymous_1)
FNDA:2,(anonymous_2)
FNDA:1,fetchUser
FNDA:0,(anonymous_4)
FNDA:0,saga
DA:7,2
DA:8,2
DA:10,2
DA:15,2
DA:17,2
DA:22,2
DA:23,2
DA:24,2
DA:29,1
DA:30,1
DA:31,0
DA:32,0
DA:33,0
DA:37,0
LF:14
LH:10
BRDA:33,0,0,0
BRDA:33,0,1,0
BRF:2
BRH:0
end_of_record
