TN:
SF:C:\Users\Latii\projects\last0204\src\duck.js
FN:13,errorHandler
FN:29,saga
FNF:2
FNH:0
FNDA:0,errorHandler
FNDA:0,saga
DA:6,1
DA:9,1
DA:14,0
DA:15,0
DA:17,0
DA:18,0
DA:19,0
DA:20,0
DA:21,0
DA:22,0
DA:23,0
DA:24,0
DA:25,0
DA:30,0
LF:14
LH:2
BRDA:17,0,0,0
BRDA:17,0,1,0
BRDA:20,1,0,0
BRDA:20,1,1,0
BRDA:22,2,0,0
BRDA:22,2,1,0
BRF:6
BRH:0
end_of_record
TN:
SF:C:\Users\Latii\projects\last0204\src\api\dashboard.js
FN:5,(anonymous_0)
FN:9,(anonymous_1)
FN:11,(anonymous_2)
FN:13,(anonymous_3)
FN:15,(anonymous_4)
FN:17,(anonymous_5)
FNF:6
FNH:0
FNDA:0,(anonymous_0)
FNDA:0,(anonymous_1)
FNDA:0,(anonymous_2)
FNDA:0,(anonymous_3)
FNDA:0,(anonymous_4)
FNDA:0,(anonymous_5)
DA:3,1
DA:5,1
DA:6,0
DA:9,1
DA:11,1
DA:13,1
DA:15,1
DA:17,1
DA:18,0
LF:9
LH:7
BRF:0
BRH:0
end_of_record
TN:
SF:C:\Users\Latii\projects\last0204\src\api\task.js
FN:3,(anonymous_0)
FN:5,(anonymous_1)
FN:7,(anonymous_2)
FNF:3
FNH:0
FNDA:0,(anonymous_0)
FNDA:0,(anonymous_1)
FNDA:0,(anonymous_2)
DA:3,1
DA:5,1
DA:7,1
LF:3
LH:3
BRF:0
BRH:0
end_of_record
TN:
SF:C:\Users\Latii\projects\last0204\src\config\history.js
FNF:0
FNH:0
DA:3,1
LF:1
LH:1
BRF:0
BRH:0
end_of_record
TN:
SF:C:\Users\Latii\projects\last0204\src\helpers\saga.js
FN:4,safeTakeLatest
FN:5,handler
FN:6,handler2
FN:12,safeTakeEvery
FN:13,handler
FN:14,handler2
FNF:6
FNH:0
FNDA:0,safeTakeLatest
FNDA:0,handler
FNDA:0,handler2
FNDA:0,safeTakeEvery
FNDA:0,handler
FNDA:0,handler2
DA:5,0
DA:6,0
DA:7,0
DA:13,0
DA:14,0
DA:15,0
LF:6
LH:0
BRF:0
BRH:0
end_of_record
TN:
SF:C:\Users\Latii\projects\last0204\src\scenes\dashboard\duck.js
FN:91,(anonymous_0)
FN:92,(anonymous_1)
FN:93,(anonymous_2)
FN:94,(anonymous_3)
FN:95,(anonymous_4)
FN:101,(anonymous_5)
FN:103,(anonymous_6)
FN:105,(anonymous_7)
FN:108,(anonymous_8)
FN:110,(anonymous_9)
FN:113,(anonymous_10)
FN:118,(anonymous_11)
FN:120,(anonymous_12)
FN:123,(anonymous_13)
FN:129,(anonymous_14)
FN:130,(anonymous_15)
FN:131,(anonymous_16)
FN:132,(anonymous_17)
FN:135,(anonymous_18)
FN:136,fetchAllLists
FN:169,(anonymous_20)
FN:175,(anonymous_21)
FN:175,(anonymous_22)
FN:175,(anonymous_23)
FN:176,updateTitle
FN:185,(anonymous_25)
FN:186,mutate
FN:193,updateSelectedTask
FN:203,updateNameTask
FN:213,deleteDashboard
FN:219,deleteTask
FN:225,addNewTask
FN:231,addList
FN:237,shareList
FN:248,saga
FNF:35
FNH:1
FNDA:0,(anonymous_0)
FNDA:0,(anonymous_1)
FNDA:0,(anonymous_2)
FNDA:0,(anonymous_3)
FNDA:0,(anonymous_4)
FNDA:0,(anonymous_5)
FNDA:0,(anonymous_6)
FNDA:0,(anonymous_7)
FNDA:0,(anonymous_8)
FNDA:0,(anonymous_9)
FNDA:0,(anonymous_10)
FNDA:0,(anonymous_11)
FNDA:0,(anonymous_12)
FNDA:0,(anonymous_13)
FNDA:0,(anonymous_14)
FNDA:0,(anonymous_15)
FNDA:0,(anonymous_16)
FNDA:0,(anonymous_17)
FNDA:0,(anonymous_18)
FNDA:0,fetchAllLists
FNDA:0,(anonymous_20)
FNDA:0,(anonymous_21)
FNDA:0,(anonymous_22)
FNDA:0,(anonymous_23)
FNDA:0,updateTitle
FNDA:1,(anonymous_25)
FNDA:0,mutate
FNDA:0,updateSelectedTask
FNDA:0,updateNameTask
FNDA:0,deleteDashboard
FNDA:0,deleteTask
FNDA:0,addNewTask
FNDA:0,addList
FNDA:0,shareList
FNDA:0,saga
DA:20,1
DA:21,1
DA:23,1
DA:24,1
DA:26,1
DA:27,1
DA:29,1
DA:30,1
DA:31,1
DA:32,1
DA:34,1
DA:35,1
DA:36,1
DA:37,1
DA:38,1
DA:40,1
DA:41,1
DA:42,1
DA:44,1
DA:45,1
DA:46,1
DA:48,1
DA:50,1
DA:76,1
DA:90,1
DA:91,0
DA:92,0
DA:93,0
DA:94,0
DA:95,0
DA:101,0
DA:103,0
DA:105,0
DA:108,0
DA:111,0
DA:113,0
DA:118,0
DA:121,0
DA:123,0
DA:129,0
DA:130,0
DA:131,0
DA:132,0
DA:135,1
DA:139,0
DA:141,0
DA:143,0
DA:144,0
DA:146,0
DA:147,0
DA:149,0
DA:150,0
DA:152,0
DA:153,0
DA:155,0
DA:156,0
DA:158,0
DA:159,0
DA:161,0
DA:163,0
DA:165,0
DA:166,0
DA:167,0
DA:168,0
DA:169,0
DA:170,0
DA:171,0
DA:172,0
DA:175,1
DA:177,0
DA:178,0
DA:179,0
DA:180,0
DA:181,0
DA:182,0
DA:185,1
DA:187,0
DA:188,0
DA:189,0
DA:194,0
DA:195,0
DA:199,0
DA:204,0
DA:205,0
DA:209,0
DA:214,0
DA:215,0
DA:220,0
DA:221,0
DA:226,0
DA:227,0
DA:232,0
DA:233,0
DA:238,0
DA:239,0
DA:240,0
DA:241,0
DA:244,0
DA:249,0
DA:250,0
DA:251,0
DA:252,0
DA:253,0
DA:254,0
DA:255,0
DA:256,0
DA:257,0
DA:258,0
LF:108
LH:28
BRDA:105,0,0,0
BRDA:105,0,1,0
BRDA:111,1,0,0
BRDA:111,1,1,0
BRDA:113,2,0,0
BRDA:113,2,1,0
BRDA:121,3,0,0
BRDA:121,3,1,0
BRDA:123,4,0,0
BRDA:123,4,1,0
BRDA:141,5,0,0
BRDA:141,5,1,0
BRDA:141,5,2,0
BRDA:141,5,3,0
BRDA:141,5,4,0
BRDA:141,5,5,0
BRDA:141,5,6,0
BRDA:163,6,0,0
BRDA:163,6,1,0
BRDA:166,7,0,0
BRDA:166,7,1,0
BRDA:169,8,0,0
BRDA:169,8,1,0
BRDA:180,9,0,0
BRDA:180,9,1,0
BRDA:206,10,0,0
BRDA:206,10,1,0
BRDA:244,11,0,0
BRDA:244,11,1,0
BRF:29
BRH:0
end_of_record
